<?xml version="1.0" encoding="utf-8"?>
<test-run id="2" testcasecount="86" result="Passed" total="86" passed="86" failed="0" inconclusive="0" skipped="0" asserts="0" engine-version="3.5.0.0" clr-version="4.0.30319.42000" start-time="2026-09-16 18:07:40Z" end-time="2026-09-16 18:09:21Z" duration="100.5823876">
  <test-suite type="TestSuite" id="1105" name="TransparentPet" fullname="TransparentPet" runstate="Runnable" testcasecount="86" result="Passed" start-time="2026-09-16 18:07:40Z" end-time="2026-09-16 18:09:21Z" duration="100.582388" total="86" passed="86" failed="0" inconclusive="0" skipped="0" asserts="0">
    <properties />
    <test-suite type="Assembly" id="1203" name="TransparentPet.Tests.Editor.dll" fullname="F:/VSCode/transparent-pet-unity/transparent-pet/Library/ScriptAssemblies/TransparentPet.Tests.Editor.dll" runstate="Runnable" testcasecount="86" result="Passed" start-time="2026-09-16 18:07:41Z" end-time="2026-09-16 18:09:21Z" duration="100.558888" total="86" passed="86" failed="0" inconclusive="0" skipped="0" asserts="0">
      <properties>
        <property name="_PID" value="37044" />
        <property name="_APPDOMAIN" value="Unity Child Domain" />
        <property name="platform" value="EditMode" />
      </properties>
      <test-suite type="TestSuite" id="1204" name="TransparentPet" fullname="TransparentPet" runstate="Runnable" testcasecount="86" result="Passed" start-time="2026-09-16 18:07:41Z" end-time="2026-09-16 18:09:21Z" duration="100.558174" total="86" passed="86" failed="0" inconclusive="0" skipped="0" asserts="0">
        <properties />
        <test-suite type="TestSuite" id="1205" name="Pet" fullname="TransparentPet.Pet" runstate="Runnable" testcasecount="9" result="Passed" start-time="2026-09-16 18:07:41Z" end-time="2026-09-16 18:07:41Z" duration="0.067564" total="9" passed="9" failed="0" inconclusive="0" skipped="0" asserts="0">
          <properties />
          <test-suite type="TestSuite" id="1206" name="Tests" fullname="TransparentPet.Pet.Tests" runstate="Runnable" testcasecount="9" result="Passed" start-time="2026-09-16 18:07:41Z" end-time="2026-09-16 18:07:41Z" duration="0.067367" total="9" passed="9" failed="0" inconclusive="0" skipped="0" asserts="0">
            <properties />
            <test-suite type="TestFixture" id="1108" name="LiquidGlassSdfTests" fullname="TransparentPet.Pet.Tests.LiquidGlassSdfTests" classname="TransparentPet.Pet.Tests.LiquidGlassSdfTests" runstate="Runnable" testcasecount="9" result="Passed" start-time="2026-09-16 18:07:41Z" end-time="2026-09-16 18:07:41Z" duration="0.065538" total="9" passed="9" failed="0" inconclusive="0" skipped="0" asserts="0">
              <properties />
              <test-case id="1116" name="Hits_ScaleFollowsWidth" fullname="TransparentPet.Pet.Tests.LiquidGlassSdfTests.Hits_ScaleFollowsWidth" methodname="Hits_ScaleFollowsWidth" classname="TransparentPet.Pet.Tests.LiquidGlassSdfTests" runstate="Runnable" seed="1653236042" result="Passed" start-time="2026-09-16 18:07:41Z" end-time="2026-09-16 18:07:41Z" duration="0.019491" asserts="0">
                <properties />
              </test-case>
              <test-case id="1115" name="Hits_UsesTopOriginScreenSemantics" fullname="TransparentPet.Pet.Tests.LiquidGlassSdfTests.Hits_UsesTopOriginScreenSemantics" methodname="Hits_UsesTopOriginScreenSemantics" classname="TransparentPet.Pet.Tests.LiquidGlassSdfTests" runstate="Runnable" seed="971537673" result="Passed" start-time="2026-09-16 18:07:41Z" end-time="2026-09-16 18:07:41Z" duration="0.000955" asserts="0">
                <properties />
              </test-case>
              <test-case id="1117" name="ScaleFromWidthPx_MatchesAspectContract" fullname="TransparentPet.Pet.Tests.LiquidGlassSdfTests.ScaleFromWidthPx_MatchesAspectContract" methodname="ScaleFromWidthPx_MatchesAspectContract" classname="TransparentPet.Pet.Tests.LiquidGlassSdfTests" runstate="Runnable" seed="1677062456" result="Passed" start-time="2026-09-16 18:07:41Z" end-time="2026-09-16 18:07:41Z" duration="0.007435" asserts="0">
                <properties />
              </test-case>
              <test-case id="1112" name="Sdf_CeilingApexIsNearZero" fullname="TransparentPet.Pet.Tests.LiquidGlassSdfTests.Sdf_CeilingApexIsNearZero" methodname="Sdf_CeilingApexIsNearZero" classname="TransparentPet.Pet.Tests.LiquidGlassSdfTests" runstate="Runnable" seed="1285742707" result="Passed" start-time="2026-09-16 18:07:41Z" end-time="2026-09-16 18:07:41Z" duration="0.000501" asserts="0">
                <properties />
              </test-case>
              <test-case id="1109" name="Sdf_CenterIsInside" fullname="TransparentPet.Pet.Tests.LiquidGlassSdfTests.Sdf_CenterIsInside" methodname="Sdf_CenterIsInside" classname="TransparentPet.Pet.Tests.LiquidGlassSdfTests" runstate="Runnable" seed="428293744" result="Passed" start-time="2026-09-16 18:07:41Z" end-time="2026-09-16 18:07:41Z" duration="0.009915" asserts="0">
                <properties />
              </test-case>
              <test-case id="1111" name="Sdf_FloorEdgeMidpointIsNearZero" fullname="TransparentPet.Pet.Tests.LiquidGlassSdfTests.Sdf_FloorEdgeMidpointIsNearZero" methodname="Sdf_FloorEdgeMidpointIsNearZero" classname="TransparentPet.Pet.Tests.LiquidGlassSdfTests" runstate="Runnable" seed="1208181584" result="Passed" start-time="2026-09-16 18:07:41Z" end-time="2026-09-16 18:07:41Z" duration="0.000456" asserts="0">
                <properties />
              </test-case>
              <test-case id="1114" name="Sdf_IsXSymmetric" fullname="TransparentPet.Pet.Tests.LiquidGlassSdfTests.Sdf_IsXSymmetric" methodname="Sdf_IsXSymmetric" classname="TransparentPet.Pet.Tests.LiquidGlassSdfTests" runstate="Runnable" seed="256876591" result="Passed" start-time="2026-09-16 18:07:41Z" end-time="2026-09-16 18:07:41Z" duration="0.000259" asserts="0">
                <properties />
              </test-case>
              <test-case id="1113" name="Sdf_OutsidePointsArePositive" fullname="TransparentPet.Pet.Tests.LiquidGlassSdfTests.Sdf_OutsidePointsArePositive" methodname="Sdf_OutsidePointsArePositive" classname="TransparentPet.Pet.Tests.LiquidGlassSdfTests" runstate="Runnable" seed="1441669229" result="Passed" start-time="2026-09-16 18:07:41Z" end-time="2026-09-16 18:07:41Z" duration="0.000673" asserts="0">
                <properties />
              </test-case>
              <test-case id="1110" name="Sdf_WidestEdgeIsNearZero" fullname="TransparentPet.Pet.Tests.LiquidGlassSdfTests.Sdf_WidestEdgeIsNearZero" methodname="Sdf_WidestEdgeIsNearZero" classname="TransparentPet.Pet.Tests.LiquidGlassSdfTests" runstate="Runnable" seed="267759856" result="Passed" start-time="2026-09-16 18:07:41Z" end-time="2026-09-16 18:07:41Z" duration="0.000214" asserts="0">
                <properties />
              </test-case>
            </test-suite>
          </test-suite>
        </test-suite>
        <test-suite type="TestSuite" id="1207" name="Tests" fullname="TransparentPet.Tests" runstate="Runnable" testcasecount="77" result="Passed" start-time="2026-09-16 18:07:41Z" end-time="2026-09-16 18:09:21Z" duration="100.490160" total="77" passed="77" failed="0" inconclusive="0" skipped="0" asserts="0">
          <properties />
          <test-suite type="TestFixture" id="1118" name="AlphaHitTestTests" fullname="TransparentPet.Tests.AlphaHitTestTests" classname="TransparentPet.Tests.AlphaHitTestTests" runstate="Runnable" testcasecount="7" result="Passed" start-time="2026-09-16 18:07:41Z" end-time="2026-09-16 18:07:41Z" duration="0.007372" total="7" passed="7" failed="0" inconclusive="0" skipped="0" asserts="0">
            <properties />
            <test-case id="1119" name="OpaquePixel_Hits" fullname="TransparentPet.Tests.AlphaHitTestTests.OpaquePixel_Hits" methodname="OpaquePixel_Hits" classname="TransparentPet.Tests.AlphaHitTestTests" runstate="Runnable" seed="786555848" result="Passed" start-time="2026-09-16 18:07:41Z" end-time="2026-09-16 18:07:41Z" duration="0.000804" asserts="0">
              <properties />
            </test-case>
            <test-case id="1121" name="OutOfBounds_Misses" fullname="TransparentPet.Tests.AlphaHitTestTests.OutOfBounds_Misses" methodname="OutOfBounds_Misses" classname="TransparentPet.Tests.AlphaHitTestTests" runstate="Runnable" seed="158926103" result="Passed" start-time="2026-09-16 18:07:41Z" end-time="2026-09-16 18:07:41Z" duration="0.000532" asserts="0">
              <properties />
            </test-case>
            <test-case id="1122" name="Threshold_CompareIsInclusive" fullname="TransparentPet.Tests.AlphaHitTestTests.Threshold_CompareIsInclusive" methodname="Threshold_CompareIsInclusive" classname="TransparentPet.Tests.AlphaHitTestTests" runstate="Runnable" seed="1922962142" result="Passed" start-time="2026-09-16 18:07:41Z" end-time="2026-09-16 18:07:41Z" duration="0.000334" asserts="0">
              <properties />
            </test-case>
            <test-case id="1120" name="TransparentPixel_Misses" fullname="TransparentPet.Tests.AlphaHitTestTests.TransparentPixel_Misses" methodname="TransparentPixel_Misses" classname="TransparentPet.Tests.AlphaHitTestTests" runstate="Runnable" seed="2017535345" result="Passed" start-time="2026-09-16 18:07:41Z" end-time="2026-09-16 18:07:41Z" duration="0.000326" asserts="0">
              <properties />
            </test-case>
            <test-case id="1123" name="WorldToPixel_MapsCenter" fullname="TransparentPet.Tests.AlphaHitTestTests.WorldToPixel_MapsCenter" methodname="WorldToPixel_MapsCenter" classname="TransparentPet.Tests.AlphaHitTestTests" runstate="Runnable" seed="1119806747" result="Passed" start-time="2026-09-16 18:07:41Z" end-time="2026-09-16 18:07:41Z" duration="0.002150" asserts="0">
              <properties />
            </test-case>
            <test-case id="1125" name="WorldToPixel_RejectsDegenerateBounds" fullname="TransparentPet.Tests.AlphaHitTestTests.WorldToPixel_RejectsDegenerateBounds" methodname="WorldToPixel_RejectsDegenerateBounds" classname="TransparentPet.Tests.AlphaHitTestTests" runstate="Runnable" seed="1437205698" result="Passed" start-time="2026-09-16 18:07:41Z" end-time="2026-09-16 18:07:41Z" duration="0.000468" asserts="0">
              <properties />
            </test-case>
            <test-case id="1124" name="WorldToPixel_RejectsOutsideBounds" fullname="TransparentPet.Tests.AlphaHitTestTests.WorldToPixel_RejectsOutsideBounds" methodname="WorldToPixel_RejectsOutsideBounds" classname="TransparentPet.Tests.AlphaHitTestTests" runstate="Runnable" seed="2027694774" result="Passed" start-time="2026-09-16 18:07:41Z" end-time="2026-09-16 18:07:41Z" duration="0.000432" asserts="0">
              <properties />
            </test-case>
          </test-suite>
          <test-suite type="TestFixture" id="1126" name="EventBusTests" fullname="TransparentPet.Tests.EventBusTests" classname="TransparentPet.Tests.EventBusTests" runstate="Runnable" testcasecount="6" result="Passed" start-time="2026-09-16 18:07:41Z" end-time="2026-09-16 18:07:41Z" duration="0.033109" total="6" passed="6" failed="0" inconclusive="0" skipped="0" asserts="0">
            <properties />
            <test-case id="1130" name="ClearAll_ClearsAllSubscriptions" fullname="TransparentPet.Tests.EventBusTests.ClearAll_ClearsAllSubscriptions" methodname="ClearAll_ClearsAllSubscriptions" classname="TransparentPet.Tests.EventBusTests" runstate="Runnable" seed="607343822" result="Passed" start-time="2026-09-16 18:07:41Z" end-time="2026-09-16 18:07:41Z" duration="0.005470" asserts="0">
              <properties />
            </test-case>
            <test-case id="1132" name="HandlerThrowing_DoesNotBlockOtherHandlers" fullname="TransparentPet.Tests.EventBusTests.HandlerThrowing_DoesNotBlockOtherHandlers" methodname="HandlerThrowing_DoesNotBlockOtherHandlers" classname="TransparentPet.Tests.EventBusTests" runstate="Runnable" seed="259520979" result="Passed" start-time="2026-09-16 18:07:41Z" end-time="2026-09-16 18:07:41Z" duration="0.015055" asserts="0">
              <properties />
              <output><![CDATA[InvalidOperationException: EventBusHandlerThrowTest
]]></output>
            </test-case>
            <test-case id="1128" name="Publish_MultipleSubscribersAllReceive" fullname="TransparentPet.Tests.EventBusTests.Publish_MultipleSubscribersAllReceive" methodname="Publish_MultipleSubscribersAllReceive" classname="TransparentPet.Tests.EventBusTests" runstate="Runnable" seed="514506714" result="Passed" start-time="2026-09-16 18:07:41Z" end-time="2026-09-16 18:07:41Z" duration="0.001447" asserts="0">
              <properties />
            </test-case>
            <test-case id="1127" name="Publish_ReachesSubscriber" fullname="TransparentPet.Tests.EventBusTests.Publish_ReachesSubscriber" methodname="Publish_ReachesSubscriber" classname="TransparentPet.Tests.EventBusTests" runstate="Runnable" seed="151894906" result="Passed" start-time="2026-09-16 18:07:41Z" end-time="2026-09-16 18:07:41Z" duration="0.001658" asserts="0">
              <properties />
            </test-case>
            <test-case id="1131" name="SameTopic_DifferentPayloadTypes_DoNotInterfere" fullname="TransparentPet.Tests.EventBusTests.SameTopic_DifferentPayloadTypes_DoNotInterfere" methodname="SameTopic_DifferentPayloadTypes_DoNotInterfere" classname="TransparentPet.Tests.EventBusTests" runstate="Runnable" seed="1152957717" result="Passed" start-time="2026-09-16 18:07:41Z" end-time="2026-09-16 18:07:41Z" duration="0.000829" asserts="0">
              <properties />
            </test-case>
            <test-case id="1129" name="Unsubscribe_StopsReceiving" fullname="TransparentPet.Tests.EventBusTests.Unsubscribe_StopsReceiving" methodname="Unsubscribe_StopsReceiving" classname="TransparentPet.Tests.EventBusTests" runstate="Runnable" seed="712153799" result="Passed" start-time="2026-09-16 18:07:41Z" end-time="2026-09-16 18:07:41Z" duration="0.002605" asserts="0">
              <properties />
            </test-case>
          </test-suite>
          <test-suite type="TestFixture" id="1133" name="PetConfigAndRegistryTests" fullname="TransparentPet.Tests.PetConfigAndRegistryTests" classname="TransparentPet.Tests.PetConfigAndRegistryTests" runstate="Runnable" testcasecount="7" result="Passed" start-time="2026-09-16 18:07:41Z" end-time="2026-09-16 18:07:41Z" duration="0.053222" total="7" passed="7" failed="0" inconclusive="0" skipped="0" asserts="0">
            <properties />
            <test-case id="1140" name="All_HasAtLeastThreePresets_WithUniqueIds" fullname="TransparentPet.Tests.PetConfigAndRegistryTests.All_HasAtLeastThreePresets_WithUniqueIds" methodname="All_HasAtLeastThreePresets_WithUniqueIds" classname="TransparentPet.Tests.PetConfigAndRegistryTests" runstate="Runnable" seed="1465987428" result="Passed" start-time="2026-09-16 18:07:41Z" end-time="2026-09-16 18:07:41Z" duration="0.003635" asserts="0">
              <properties />
            </test-case>
            <test-case id="1137" name="GetById_RegisteredId_ReturnsPreset" fullname="TransparentPet.Tests.PetConfigAndRegistryTests.GetById_RegisteredId_ReturnsPreset" methodname="GetById_RegisteredId_ReturnsPreset" classname="TransparentPet.Tests.PetConfigAndRegistryTests" runstate="Runnable" seed="1052244936" result="Passed" start-time="2026-09-16 18:07:41Z" end-time="2026-09-16 18:07:41Z" duration="0.003566" asserts="0">
              <properties />
            </test-case>
            <test-case id="1138" name="GetById_UnknownId_FallsBackToSlime1" fullname="TransparentPet.Tests.PetConfigAndRegistryTests.GetById_UnknownId_FallsBackToSlime1" methodname="GetById_UnknownId_FallsBackToSlime1" classname="TransparentPet.Tests.PetConfigAndRegistryTests" runstate="Runnable" seed="1891736188" result="Passed" start-time="2026-09-16 18:07:41Z" end-time="2026-09-16 18:07:41Z" duration="0.002048" asserts="0">
              <properties />
              <output><![CDATA[[CharacterRegistry] 未找到角色 id: 不存在的角色_id，回退到默认角色 slime_1
]]></output>
            </test-case>
            <test-case id="1139" name="IsValid_OnlyAcceptsRegisteredIds" fullname="TransparentPet.Tests.PetConfigAndRegistryTests.IsValid_OnlyAcceptsRegisteredIds" methodname="IsValid_OnlyAcceptsRegisteredIds" classname="TransparentPet.Tests.PetConfigAndRegistryTests" runstate="Runnable" seed="355149448" result="Passed" start-time="2026-09-16 18:07:41Z" end-time="2026-09-16 18:07:41Z" duration="0.001981" asserts="0">
              <properties />
            </test-case>
            <test-case id="1136" name="Load_CorruptedJson_ReturnsDefaultsWithoutThrowing" fullname="TransparentPet.Tests.PetConfigAndRegistryTests.Load_CorruptedJson_ReturnsDefaultsWithoutThrowing" methodname="Load_CorruptedJson_ReturnsDefaultsWithoutThrowing" classname="TransparentPet.Tests.PetConfigAndRegistryTests" runstate="Runnable" seed="1184658115" result="Passed" start-time="2026-09-16 18:07:41Z" end-time="2026-09-16 18:07:41Z" duration="0.018982" asserts="0">
              <properties />
              <output><![CDATA[[PetConfigStore] 读取配置失败，回退默认配置：C:\Users\fanbo\AppData\Local\Temp\tmp581fea79.tmp
JSON parse error: Missing a name for object member.
]]></output>
            </test-case>
            <test-case id="1135" name="Load_MissingFile_ReturnsDefaults" fullname="TransparentPet.Tests.PetConfigAndRegistryTests.Load_MissingFile_ReturnsDefaults" methodname="Load_MissingFile_ReturnsDefaults" classname="TransparentPet.Tests.PetConfigAndRegistryTests" runstate="Runnable" seed="1284721182" result="Passed" start-time="2026-09-16 18:07:41Z" end-time="2026-09-16 18:07:41Z" duration="0.001779" asserts="0">
              <properties />
            </test-case>
            <test-case id="1134" name="SaveLoad_RoundTrip_PreservesAllFields" fullname="TransparentPet.Tests.PetConfigAndRegistryTests.SaveLoad_RoundTrip_PreservesAllFields" methodname="SaveLoad_RoundTrip_PreservesAllFields" classname="TransparentPet.Tests.PetConfigAndRegistryTests" runstate="Runnable" seed="1453447492" result="Passed" start-time="2026-09-16 18:07:41Z" end-time="2026-09-16 18:07:41Z" duration="0.017857" asserts="0">
              <properties />
            </test-case>
          </test-suite>
          <test-suite type="TestFixture" id="1141" name="PetLifeMathTests" fullname="TransparentPet.Tests.PetLifeMathTests" classname="TransparentPet.Tests.PetLifeMathTests" runstate="Runnable" testcasecount="16" result="Passed" start-time="2026-09-16 18:07:41Z" end-time="2026-09-16 18:07:41Z" duration="0.017401" total="16" passed="16" failed="0" inconclusive="0" skipped="0" asserts="0">
            <properties />
            <test-case id="1155" name="Approach_HalfLife_WalksHalfTheGap" fullname="TransparentPet.Tests.PetLifeMathTests.Approach_HalfLife_WalksHalfTheGap" methodname="Approach_HalfLife_WalksHalfTheGap" classname="TransparentPet.Tests.PetLifeMathTests" runstate="Runnable" seed="1050414284" result="Passed" start-time="2026-09-16 18:07:41Z" end-time="2026-09-16 18:07:41Z" duration="0.001228" asserts="0">
              <properties />
            </test-case>
            <test-case id="1156" name="Approach_MonotonicTowardTarget_AndFrameRateIndependent" fullname="TransparentPet.Tests.PetLifeMathTests.Approach_MonotonicTowardTarget_AndFrameRateIndependent" methodname="Approach_MonotonicTowardTarget_AndFrameRateIndependent" classname="TransparentPet.Tests.PetLifeMathTests" runstate="Runnable" seed="1910108261" result="Passed" start-time="2026-09-16 18:07:41Z" end-time="2026-09-16 18:07:41Z" duration="0.002550" asserts="0">
              <properties />
            </test-case>
            <test-case id="1157" name="Approach_ZeroHalfLife_SnapsToTarget" fullname="TransparentPet.Tests.PetLifeMathTests.Approach_ZeroHalfLife_SnapsToTarget" methodname="Approach_ZeroHalfLife_SnapsToTarget" classname="TransparentPet.Tests.PetLifeMathTests" runstate="Runnable" seed="557193429" result="Passed" start-time="2026-09-16 18:07:41Z" end-time="2026-09-16 18:07:41Z" duration="0.000306" asserts="0">
              <properties />
            </test-case>
            <test-case id="1143" name="BreatheScale_NonPositivePeriod_ReturnsNeutral" fullname="TransparentPet.Tests.PetLifeMathTests.BreatheScale_NonPositivePeriod_ReturnsNeutral" methodname="BreatheScale_NonPositivePeriod_ReturnsNeutral" classname="TransparentPet.Tests.PetLifeMathTests" runstate="Runnable" seed="1385948223" result="Passed" start-time="2026-09-16 18:07:41Z" end-time="2026-09-16 18:07:41Z" duration="0.000608" asserts="0">
              <properties />
            </test-case>
            <test-case id="1142" name="BreatheScale_QuarterPeriod_PeaksAtPlusAmplitude" fullname="TransparentPet.Tests.PetLifeMathTests.BreatheScale_QuarterPeriod_PeaksAtPlusAmplitude" methodname="BreatheScale_QuarterPeriod_PeaksAtPlusAmplitude" classname="TransparentPet.Tests.PetLifeMathTests" runstate="Runnable" seed="325557760" result="Passed" start-time="2026-09-16 18:07:41Z" end-time="2026-09-16 18:07:41Z" duration="0.001135" asserts="0">
              <properties />
            </test-case>
            <test-case id="1144" name="FloatOffset_PhaseShiftsByFractionOfPeriod" fullname="TransparentPet.Tests.PetLifeMathTests.FloatOffset_PhaseShiftsByFractionOfPeriod" methodname="FloatOffset_PhaseShiftsByFractionOfPeriod" classname="TransparentPet.Tests.PetLifeMathTests" runstate="Runnable" seed="809109731" result="Passed" start-time="2026-09-16 18:07:41Z" end-time="2026-09-16 18:07:41Z" duration="0.000503" asserts="0">
              <properties />
            </test-case>
            <test-case id="1151" name="ImpactImpulse_InvalidReference_ReturnsZero" fullname="TransparentPet.Tests.PetLifeMathTests.ImpactImpulse_InvalidReference_ReturnsZero" methodname="ImpactImpulse_InvalidReference_ReturnsZero" classname="TransparentPet.Tests.PetLifeMathTests" runstate="Runnable" seed="1193625702" result="Passed" start-time="2026-09-16 18:07:41Z" end-time="2026-09-16 18:07:41Z" duration="0.000364" asserts="0">
              <properties />
            </test-case>
            <test-case id="1149" name="ImpactImpulse_MapsLinearlyBetweenDeadZoneAndReference" fullname="TransparentPet.Tests.PetLifeMathTests.ImpactImpulse_MapsLinearlyBetweenDeadZoneAndReference" methodname="ImpactImpulse_MapsLinearlyBetweenDeadZoneAndReference" classname="TransparentPet.Tests.PetLifeMathTests" runstate="Runnable" seed="521050334" result="Passed" start-time="2026-09-16 18:07:41Z" end-time="2026-09-16 18:07:41Z" duration="0.000566" asserts="0">
              <properties />
            </test-case>
            <test-case id="1150" name="ImpactImpulse_NegativeSpeed_UsesMagnitude" fullname="TransparentPet.Tests.PetLifeMathTests.ImpactImpulse_NegativeSpeed_UsesMagnitude" methodname="ImpactImpulse_NegativeSpeed_UsesMagnitude" classname="TransparentPet.Tests.PetLifeMathTests" runstate="Runnable" seed="633602554" result="Passed" start-time="2026-09-16 18:07:41Z" end-time="2026-09-16 18:07:41Z" duration="0.000197" asserts="0">
              <properties />
            </test-case>
            <test-case id="1145" name="StepSquash_FromDisplacedState_ConvergesToRest" fullname="TransparentPet.Tests.PetLifeMathTests.StepSquash_FromDisplacedState_ConvergesToRest" methodname="StepSquash_FromDisplacedState_ConvergesToRest" classname="TransparentPet.Tests.PetLifeMathTests" runstate="Runnable" seed="765571690" result="Passed" start-time="2026-09-16 18:07:41Z" end-time="2026-09-16 18:07:41Z" duration="0.000568" asserts="0">
              <properties />
            </test-case>
            <test-case id="1148" name="StepSquash_LargeDampingAndLargeDt_StaysStable" fullname="TransparentPet.Tests.PetLifeMathTests.StepSquash_LargeDampingAndLargeDt_StaysStable" methodname="StepSquash_LargeDampingAndLargeDt_StaysStable" classname="TransparentPet.Tests.PetLifeMathTests" runstate="Runnable" seed="827010686" result="Passed" start-time="2026-09-16 18:07:41Z" end-time="2026-09-16 18:07:41Z" duration="0.000797" asserts="0">
              <properties />
            </test-case>
            <test-case id="1147" name="StepSquash_Overdamped_NeverChangesSign" fullname="TransparentPet.Tests.PetLifeMathTests.StepSquash_Overdamped_NeverChangesSign" methodname="StepSquash_Overdamped_NeverChangesSign" classname="TransparentPet.Tests.PetLifeMathTests" runstate="Runnable" seed="1366848235" result="Passed" start-time="2026-09-16 18:07:41Z" end-time="2026-09-16 18:07:41Z" duration="0.001456" asserts="0">
              <properties />
            </test-case>
            <test-case id="1146" name="StepSquash_Underdamped_OvershootsThroughZero" fullname="TransparentPet.Tests.PetLifeMathTests.StepSquash_Underdamped_OvershootsThroughZero" methodname="StepSquash_Underdamped_OvershootsThroughZero" classname="TransparentPet.Tests.PetLifeMathTests" runstate="Runnable" seed="886965750" result="Passed" start-time="2026-09-16 18:07:41Z" end-time="2026-09-16 18:07:41Z" duration="0.000476" asserts="0">
              <properties />
            </test-case>
            <test-case id="1152" name="TiltAngle_RightwardMotion_TiltsNegative" fullname="TransparentPet.Tests.PetLifeMathTests.TiltAngle_RightwardMotion_TiltsNegative" methodname="TiltAngle_RightwardMotion_TiltsNegative" classname="TransparentPet.Tests.PetLifeMathTests" runstate="Runnable" seed="1631146862" result="Passed" start-time="2026-09-16 18:07:41Z" end-time="2026-09-16 18:07:41Z" duration="0.000553" asserts="0">
              <properties />
            </test-case>
            <test-case id="1153" name="TiltAngle_SaturatesAtMaxDegrees" fullname="TransparentPet.Tests.PetLifeMathTests.TiltAngle_SaturatesAtMaxDegrees" methodname="TiltAngle_SaturatesAtMaxDegrees" classname="TransparentPet.Tests.PetLifeMathTests" runstate="Runnable" seed="986684098" result="Passed" start-time="2026-09-16 18:07:41Z" end-time="2026-09-16 18:07:41Z" duration="0.000211" asserts="0">
              <properties />
            </test-case>
            <test-case id="1154" name="TiltAngle_ZeroSpeedForMax_ReturnsZero" fullname="TransparentPet.Tests.PetLifeMathTests.TiltAngle_ZeroSpeedForMax_ReturnsZero" methodname="TiltAngle_ZeroSpeedForMax_ReturnsZero" classname="TransparentPet.Tests.PetLifeMathTests" runstate="Runnable" seed="953158980" result="Passed" start-time="2026-09-16 18:07:41Z" end-time="2026-09-16 18:07:41Z" duration="0.000161" asserts="0">
              <properties />
            </test-case>
          </test-suite>
          <test-suite type="TestFixture" id="1158" name="PointerHoverTests" fullname="TransparentPet.Tests.PointerHoverTests" classname="TransparentPet.Tests.PointerHoverTests" runstate="Runnable" testcasecount="6" result="Passed" start-time="2026-09-16 18:07:41Z" end-time="2026-09-16 18:07:41Z" duration="0.005829" total="6" passed="6" failed="0" inconclusive="0" skipped="0" asserts="0">
            <properties />
            <test-case id="1159" name="NeverReported_IsNotOverPet" fullname="TransparentPet.Tests.PointerHoverTests.NeverReported_IsNotOverPet" methodname="NeverReported_IsNotOverPet" classname="TransparentPet.Tests.PointerHoverTests" runstate="Runnable" seed="1983085429" result="Passed" start-time="2026-09-16 18:07:41Z" end-time="2026-09-16 18:07:41Z" duration="0.001264" asserts="0">
              <properties />
            </test-case>
            <test-case id="1161" name="ReportedLastFrame_IsStillOverPet" fullname="TransparentPet.Tests.PointerHoverTests.ReportedLastFrame_IsStillOverPet" methodname="ReportedLastFrame_IsStillOverPet" classname="TransparentPet.Tests.PointerHoverTests" runstate="Runnable" seed="924256181" result="Passed" start-time="2026-09-16 18:07:41Z" end-time="2026-09-16 18:07:41Z" duration="0.000354" asserts="0">
              <properties />
            </test-case>
            <test-case id="1160" name="ReportedThisFrame_IsOverPet" fullname="TransparentPet.Tests.PointerHoverTests.ReportedThisFrame_IsOverPet" methodname="ReportedThisFrame_IsOverPet" classname="TransparentPet.Tests.PointerHoverTests" runstate="Runnable" seed="1984795073" result="Passed" start-time="2026-09-16 18:07:41Z" end-time="2026-09-16 18:07:41Z" duration="0.000218" asserts="0">
              <properties />
            </test-case>
            <test-case id="1163" name="ReportKeepsRefreshing_StaysOverPet" fullname="TransparentPet.Tests.PointerHoverTests.ReportKeepsRefreshing_StaysOverPet" methodname="ReportKeepsRefreshing_StaysOverPet" classname="TransparentPet.Tests.PointerHoverTests" runstate="Runnable" seed="234252027" result="Passed" start-time="2026-09-16 18:07:41Z" end-time="2026-09-16 18:07:41Z" duration="0.000321" asserts="0">
              <properties />
            </test-case>
            <test-case id="1164" name="Reset_ClearsReport" fullname="TransparentPet.Tests.PointerHoverTests.Reset_ClearsReport" methodname="Reset_ClearsReport" classname="TransparentPet.Tests.PointerHoverTests" runstate="Runnable" seed="2134304229" result="Passed" start-time="2026-09-16 18:07:41Z" end-time="2026-09-16 18:07:41Z" duration="0.000225" asserts="0">
              <properties />
            </test-case>
            <test-case id="1162" name="StaleByTwoFrames_IsNotOverPet" fullname="TransparentPet.Tests.PointerHoverTests.StaleByTwoFrames_IsNotOverPet" methodname="StaleByTwoFrames_IsNotOverPet" classname="TransparentPet.Tests.PointerHoverTests" runstate="Runnable" seed="887200308" result="Passed" start-time="2026-09-16 18:07:41Z" end-time="2026-09-16 18:07:41Z" duration="0.000273" asserts="0">
              <properties />
            </test-case>
          </test-suite>
          <test-suite type="TestFixture" id="1165" name="SlimePbfTests" fullname="TransparentPet.Tests.SlimePbfTests" classname="TransparentPet.Tests.SlimePbfTests" runstate="Runnable" testcasecount="11" result="Passed" start-time="2026-09-16 18:07:41Z" end-time="2026-09-16 18:09:21Z" duration="99.978013" total="11" passed="11" failed="0" inconclusive="0" skipped="0" asserts="0">
            <properties />
            <test-case id="1176" name="Bounds_ClampAllParticlesInside" fullname="TransparentPet.Tests.SlimePbfTests.Bounds_ClampAllParticlesInside" methodname="Bounds_ClampAllParticlesInside" classname="TransparentPet.Tests.SlimePbfTests" runstate="Runnable" seed="127953034" result="Passed" start-time="2026-09-16 18:07:41Z" end-time="2026-09-16 18:07:42Z" duration="1.418459" asserts="0">
              <properties />
            </test-case>
            <test-case id="1172" name="DensityConserved_AfterLanding" fullname="TransparentPet.Tests.SlimePbfTests.DensityConserved_AfterLanding" methodname="DensityConserved_AfterLanding" classname="TransparentPet.Tests.SlimePbfTests" runstate="Runnable" seed="1726556769" result="Passed" start-time="2026-09-16 18:07:42Z" end-time="2026-09-16 18:07:54Z" duration="12.195243" asserts="0">
              <properties />
            </test-case>
            <test-case id="1175" name="Drag_AggressivePull_KeepsBodyConnected" fullname="TransparentPet.Tests.SlimePbfTests.Drag_AggressivePull_KeepsBodyConnected" methodname="Drag_AggressivePull_KeepsBodyConnected" classname="TransparentPet.Tests.SlimePbfTests" runstate="Runnable" seed="272848283" result="Passed" start-time="2026-09-16 18:07:54Z" end-time="2026-09-16 18:08:01Z" duration="6.644022" asserts="0">
              <properties />
            </test-case>
            <test-case id="1173" name="Drag_FollowsSlowMove_PlacesOnRelease" fullname="TransparentPet.Tests.SlimePbfTests.Drag_FollowsSlowMove_PlacesOnRelease" methodname="Drag_FollowsSlowMove_PlacesOnRelease" classname="TransparentPet.Tests.SlimePbfTests" runstate="Runnable" seed="1446561539" result="Passed" start-time="2026-09-16 18:08:01Z" end-time="2026-09-16 18:08:04Z" duration="2.914904" asserts="0">
              <properties />
            </test-case>
            <test-case id="1174" name="Flick_ProducesThrowVelocity" fullname="TransparentPet.Tests.SlimePbfTests.Flick_ProducesThrowVelocity" methodname="Flick_ProducesThrowVelocity" classname="TransparentPet.Tests.SlimePbfTests" runstate="Runnable" seed="1461219280" result="Passed" start-time="2026-09-16 18:08:04Z" end-time="2026-09-16 18:08:04Z" duration="0.248825" asserts="0">
              <properties />
            </test-case>
            <test-case id="1169" name="Gravity_LandsOnGroundAndSettles" fullname="TransparentPet.Tests.SlimePbfTests.Gravity_LandsOnGroundAndSettles" methodname="Gravity_LandsOnGroundAndSettles" classname="TransparentPet.Tests.SlimePbfTests" runstate="Runnable" seed="554378854" result="Passed" start-time="2026-09-16 18:08:04Z" end-time="2026-09-16 18:08:14Z" duration="9.681639" asserts="0">
              <properties />
            </test-case>
            <test-case id="1166" name="Init_ScattersParticlesInsideShape" fullname="TransparentPet.Tests.SlimePbfTests.Init_ScattersParticlesInsideShape" methodname="Init_ScattersParticlesInsideShape" classname="TransparentPet.Tests.SlimePbfTests" runstate="Runnable" seed="228861283" result="Passed" start-time="2026-09-16 18:08:14Z" end-time="2026-09-16 18:08:14Z" duration="0.010736" asserts="0">
              <properties />
            </test-case>
            <test-case id="1170" name="Landing_SquashesThenRestsAsWideJelly" fullname="TransparentPet.Tests.SlimePbfTests.Landing_SquashesThenRestsAsWideJelly" methodname="Landing_SquashesThenRestsAsWideJelly" classname="TransparentPet.Tests.SlimePbfTests" runstate="Runnable" seed="704260860" result="Passed" start-time="2026-09-16 18:08:14Z" end-time="2026-09-16 18:08:23Z" duration="9.375807" asserts="0">
              <properties />
            </test-case>
            <test-case id="1171" name="RestOnGround_DoesNotFlattenOverTime" fullname="TransparentPet.Tests.SlimePbfTests.RestOnGround_DoesNotFlattenOverTime" methodname="RestOnGround_DoesNotFlattenOverTime" classname="TransparentPet.Tests.SlimePbfTests" runstate="Runnable" seed="1801821283" result="Passed" start-time="2026-09-16 18:08:23Z" end-time="2026-09-16 18:08:52Z" duration="28.663471" asserts="0">
              <properties />
            </test-case>
            <test-case id="1167" name="RestOnGround_KeepsPositionStable" fullname="TransparentPet.Tests.SlimePbfTests.RestOnGround_KeepsPositionStable" methodname="RestOnGround_KeepsPositionStable" classname="TransparentPet.Tests.SlimePbfTests" runstate="Runnable" seed="1879681941" result="Passed" start-time="2026-09-16 18:08:52Z" end-time="2026-09-16 18:09:10Z" duration="17.863502" asserts="0">
              <properties />
            </test-case>
            <test-case id="1168" name="Settle_SurfaceMicroMotionStops" fullname="TransparentPet.Tests.SlimePbfTests.Settle_SurfaceMicroMotionStops" methodname="Settle_SurfaceMicroMotionStops" classname="TransparentPet.Tests.SlimePbfTests" runstate="Runnable" seed="1395762201" result="Passed" start-time="2026-09-16 18:09:10Z" end-time="2026-09-16 18:09:21Z" duration="10.957121" asserts="0">
              <properties />
            </test-case>
          </test-suite>
          <test-suite type="TestFixture" id="1177" name="SlimeSimulationTests" fullname="TransparentPet.Tests.SlimeSimulationTests" classname="TransparentPet.Tests.SlimeSimulationTests" runstate="Runnable" testcasecount="14" result="Passed" start-time="2026-09-16 18:09:21Z" end-time="2026-09-16 18:09:21Z" duration="0.371578" total="14" passed="14" failed="0" inconclusive="0" skipped="0" asserts="0">
            <properties />
            <test-case id="1191" name="ApplyAttraction_PullsBodyTowardTargetOverTime" fullname="TransparentPet.Tests.SlimeSimulationTests.ApplyAttraction_PullsBodyTowardTargetOverTime" methodname="ApplyAttraction_PullsBodyTowardTargetOverTime" classname="TransparentPet.Tests.SlimeSimulationTests" runstate="Runnable" seed="499523350" result="Passed" start-time="2026-09-16 18:09:21Z" end-time="2026-09-16 18:09:21Z" duration="0.127796" asserts="0">
              <properties />
            </test-case>
            <test-case id="1190" name="ContainsPoint_TrueInside_FalseFarOutside" fullname="TransparentPet.Tests.SlimeSimulationTests.ContainsPoint_TrueInside_FalseFarOutside" methodname="ContainsPoint_TrueInside_FalseFarOutside" classname="TransparentPet.Tests.SlimeSimulationTests" runstate="Runnable" seed="313427603" result="Passed" start-time="2026-09-16 18:09:21Z" end-time="2026-09-16 18:09:21Z" duration="0.000879" asserts="0">
              <properties />
            </test-case>
            <test-case id="1183" name="FastFlickRelease_ThrowsAtClampedSpeed" fullname="TransparentPet.Tests.SlimeSimulationTests.FastFlickRelease_ThrowsAtClampedSpeed" methodname="FastFlickRelease_ThrowsAtClampedSpeed" classname="TransparentPet.Tests.SlimeSimulationTests" runstate="Runnable" seed="6318095" result="Passed" start-time="2026-09-16 18:09:21Z" end-time="2026-09-16 18:09:21Z" duration="0.005071" asserts="0">
              <properties />
            </test-case>
            <test-case id="1184" name="GravityFall_LandsOnGround_AndVelocityDecays" fullname="TransparentPet.Tests.SlimeSimulationTests.GravityFall_LandsOnGround_AndVelocityDecays" methodname="GravityFall_LandsOnGround_AndVelocityDecays" classname="TransparentPet.Tests.SlimeSimulationTests" runstate="Runnable" seed="1066612898" result="Passed" start-time="2026-09-16 18:09:21Z" end-time="2026-09-16 18:09:21Z" duration="0.043935" asserts="0">
              <properties />
            </test-case>
            <test-case id="1179" name="HoverStep_AreaStaysConserved_AndCentroidDoesNotDrift" fullname="TransparentPet.Tests.SlimeSimulationTests.HoverStep_AreaStaysConserved_AndCentroidDoesNotDrift" methodname="HoverStep_AreaStaysConserved_AndCentroidDoesNotDrift" classname="TransparentPet.Tests.SlimeSimulationTests" runstate="Runnable" seed="812341977" result="Passed" start-time="2026-09-16 18:09:21Z" end-time="2026-09-16 18:09:21Z" duration="0.028383" asserts="0">
              <properties />
            </test-case>
            <test-case id="1180" name="HoverStep_RestShapeHasFlattenedBunBottom" fullname="TransparentPet.Tests.SlimeSimulationTests.HoverStep_RestShapeHasFlattenedBunBottom" methodname="HoverStep_RestShapeHasFlattenedBunBottom" classname="TransparentPet.Tests.SlimeSimulationTests" runstate="Runnable" seed="63714705" result="Passed" start-time="2026-09-16 18:09:21Z" end-time="2026-09-16 18:09:21Z" duration="0.028714" asserts="0">
              <properties />
            </test-case>
            <test-case id="1178" name="InitialState_AreaPositive_CentroidNearCenter_AreaNearConserved" fullname="TransparentPet.Tests.SlimeSimulationTests.InitialState_AreaPositive_CentroidNearCenter_AreaNearConserved" methodname="InitialState_AreaPositive_CentroidNearCenter_AreaNearConserved" classname="TransparentPet.Tests.SlimeSimulationTests" runstate="Runnable" seed="737290069" result="Passed" start-time="2026-09-16 18:09:21Z" end-time="2026-09-16 18:09:21Z" duration="0.000778" asserts="0">
              <properties />
            </test-case>
            <test-case id="1185" name="Landing_SquashesOnImpact_ThenSpringsBack" fullname="TransparentPet.Tests.SlimeSimulationTests.Landing_SquashesOnImpact_ThenSpringsBack" methodname="Landing_SquashesOnImpact_ThenSpringsBack" classname="TransparentPet.Tests.SlimeSimulationTests" runstate="Runnable" seed="2084711687" result="Passed" start-time="2026-09-16 18:09:21Z" end-time="2026-09-16 18:09:21Z" duration="0.040588" asserts="0">
              <properties />
            </test-case>
            <test-case id="1188" name="Merge_AcceptIncreasesArea_AndHintDependsOnDistance" fullname="TransparentPet.Tests.SlimeSimulationTests.Merge_AcceptIncreasesArea_AndHintDependsOnDistance" methodname="Merge_AcceptIncreasesArea_AndHintDependsOnDistance" classname="TransparentPet.Tests.SlimeSimulationTests" runstate="Runnable" seed="1901315053" result="Passed" start-time="2026-09-16 18:09:21Z" end-time="2026-09-16 18:09:21Z" duration="0.001272" asserts="0">
              <properties />
            </test-case>
            <test-case id="1189" name="SetUserScale_ScalesTargetAreaBySquareOfRatio" fullname="TransparentPet.Tests.SlimeSimulationTests.SetUserScale_ScalesTargetAreaBySquareOfRatio" methodname="SetUserScale_ScalesTargetAreaBySquareOfRatio" classname="TransparentPet.Tests.SlimeSimulationTests" runstate="Runnable" seed="1928066392" result="Passed" start-time="2026-09-16 18:09:21Z" end-time="2026-09-16 18:09:21Z" duration="0.000651" asserts="0">
              <properties />
            </test-case>
            <test-case id="1182" name="SlowDrag_FollowsMouse_AndReleaseDropsInPlace" fullname="TransparentPet.Tests.SlimeSimulationTests.SlowDrag_FollowsMouse_AndReleaseDropsInPlace" methodname="SlowDrag_FollowsMouse_AndReleaseDropsInPlace" classname="TransparentPet.Tests.SlimeSimulationTests" runstate="Runnable" seed="1973223370" result="Passed" start-time="2026-09-16 18:09:21Z" end-time="2026-09-16 18:09:21Z" duration="0.025877" asserts="0">
              <properties />
            </test-case>
            <test-case id="1187" name="SplitOff_TransfersTargetAreaToChild_ByFraction" fullname="TransparentPet.Tests.SlimeSimulationTests.SplitOff_TransfersTargetAreaToChild_ByFraction" methodname="SplitOff_TransfersTargetAreaToChild_ByFraction" classname="TransparentPet.Tests.SlimeSimulationTests" runstate="Runnable" seed="1381569021" result="Passed" start-time="2026-09-16 18:09:21Z" end-time="2026-09-16 18:09:21Z" duration="0.001196" asserts="0">
              <properties />
            </test-case>
            <test-case id="1181" name="TryGrab_HitsInsideBody_MissesFarOutside" fullname="TransparentPet.Tests.SlimeSimulationTests.TryGrab_HitsInsideBody_MissesFarOutside" methodname="TryGrab_HitsInsideBody_MissesFarOutside" classname="TransparentPet.Tests.SlimeSimulationTests" runstate="Runnable" seed="483508069" result="Passed" start-time="2026-09-16 18:09:21Z" end-time="2026-09-16 18:09:21Z" duration="0.000780" asserts="0">
              <properties />
            </test-case>
            <test-case id="1186" name="WallBounce_ReportsImpactEvent_AndBouncesBack" fullname="TransparentPet.Tests.SlimeSimulationTests.WallBounce_ReportsImpactEvent_AndBouncesBack" methodname="WallBounce_ReportsImpactEvent_AndBouncesBack" classname="TransparentPet.Tests.SlimeSimulationTests" runstate="Runnable" seed="1239565361" result="Passed" start-time="2026-09-16 18:09:21Z" end-time="2026-09-16 18:09:21Z" duration="0.027659" asserts="0">
              <properties />
            </test-case>
          </test-suite>
          <test-suite type="TestFixture" id="1192" name="ThrowPhysicsTests" fullname="TransparentPet.Tests.ThrowPhysicsTests" classname="TransparentPet.Tests.ThrowPhysicsTests" runstate="Runnable" testcasecount="10" result="Passed" start-time="2026-09-16 18:09:21Z" end-time="2026-09-16 18:09:21Z" duration="0.016582" total="10" passed="10" failed="0" inconclusive="0" skipped="0" asserts="0">
            <properties />
            <test-case id="1194" name="DragEnd_BelowMinSpeed_DoesNotThrow" fullname="TransparentPet.Tests.ThrowPhysicsTests.DragEnd_BelowMinSpeed_DoesNotThrow" methodname="DragEnd_BelowMinSpeed_DoesNotThrow" classname="TransparentPet.Tests.ThrowPhysicsTests" runstate="Runnable" seed="1689412499" result="Passed" start-time="2026-09-16 18:09:21Z" end-time="2026-09-16 18:09:21Z" duration="0.005410" asserts="0">
              <properties />
            </test-case>
            <test-case id="1195" name="DragEnd_ThrowsWithBufferAverage" fullname="TransparentPet.Tests.ThrowPhysicsTests.DragEnd_ThrowsWithBufferAverage" methodname="DragEnd_ThrowsWithBufferAverage" classname="TransparentPet.Tests.ThrowPhysicsTests" runstate="Runnable" seed="30086292" result="Passed" start-time="2026-09-16 18:09:21Z" end-time="2026-09-16 18:09:21Z" duration="0.000739" asserts="0">
              <properties />
            </test-case>
            <test-case id="1196" name="DragEnd_VelocityClampedToMax" fullname="TransparentPet.Tests.ThrowPhysicsTests.DragEnd_VelocityClampedToMax" methodname="DragEnd_VelocityClampedToMax" classname="TransparentPet.Tests.ThrowPhysicsTests" runstate="Runnable" seed="1914716145" result="Passed" start-time="2026-09-16 18:09:21Z" end-time="2026-09-16 18:09:21Z" duration="0.000575" asserts="0">
              <properties />
            </test-case>
            <test-case id="1193" name="DragMove_FollowsMouseWithRoundedOffset" fullname="TransparentPet.Tests.ThrowPhysicsTests.DragMove_FollowsMouseWithRoundedOffset" methodname="DragMove_FollowsMouseWithRoundedOffset" classname="TransparentPet.Tests.ThrowPhysicsTests" runstate="Runnable" seed="999255662" result="Passed" start-time="2026-09-16 18:09:21Z" end-time="2026-09-16 18:09:21Z" duration="0.000483" asserts="0">
              <properties />
            </test-case>
            <test-case id="1202" name="Reset_ClearsAllState" fullname="TransparentPet.Tests.ThrowPhysicsTests.Reset_ClearsAllState" methodname="Reset_ClearsAllState" classname="TransparentPet.Tests.ThrowPhysicsTests" runstate="Runnable" seed="339971464" result="Passed" start-time="2026-09-16 18:09:21Z" end-time="2026-09-16 18:09:21Z" duration="0.000628" asserts="0">
              <properties />
            </test-case>
            <test-case id="1198" name="Step_AppliesGravity" fullname="TransparentPet.Tests.ThrowPhysicsTests.Step_AppliesGravity" methodname="Step_AppliesGravity" classname="TransparentPet.Tests.ThrowPhysicsTests" runstate="Runnable" seed="678746950" result="Passed" start-time="2026-09-16 18:09:21Z" end-time="2026-09-16 18:09:21Z" duration="0.001308" asserts="0">
              <properties />
            </test-case>
            <test-case id="1201" name="Step_AppliesGroundFriction" fullname="TransparentPet.Tests.ThrowPhysicsTests.Step_AppliesGroundFriction" methodname="Step_AppliesGroundFriction" classname="TransparentPet.Tests.ThrowPhysicsTests" runstate="Runnable" seed="1770539211" result="Passed" start-time="2026-09-16 18:09:21Z" end-time="2026-09-16 18:09:21Z" duration="0.000504" asserts="0">
              <properties />
            </test-case>
            <test-case id="1199" name="Step_BouncesOnGround" fullname="TransparentPet.Tests.ThrowPhysicsTests.Step_BouncesOnGround" methodname="Step_BouncesOnGround" classname="TransparentPet.Tests.ThrowPhysicsTests" runstate="Runnable" seed="1933960568" result="Passed" start-time="2026-09-16 18:09:21Z" end-time="2026-09-16 18:09:21Z" duration="0.000509" asserts="0">
              <properties />
            </test-case>
            <test-case id="1200" name="Step_BouncesOnWalls" fullname="TransparentPet.Tests.ThrowPhysicsTests.Step_BouncesOnWalls" methodname="Step_BouncesOnWalls" classname="TransparentPet.Tests.ThrowPhysicsTests" runstate="Runnable" seed="1314058094" result="Passed" start-time="2026-09-16 18:09:21Z" end-time="2026-09-16 18:09:21Z" duration="0.001078" asserts="0">
              <properties />
            </test-case>
            <test-case id="1197" name="VelocityBuffer_CapsAtEight" fullname="TransparentPet.Tests.ThrowPhysicsTests.VelocityBuffer_CapsAtEight" methodname="VelocityBuffer_CapsAtEight" classname="TransparentPet.Tests.ThrowPhysicsTests" runstate="Runnable" seed="1076287278" result="Passed" start-time="2026-09-16 18:09:21Z" end-time="2026-09-16 18:09:21Z" duration="0.001251" asserts="0">
              <properties />
            </test-case>
          </test-suite>
        </test-suite>
      </test-suite>
    </test-suite>
  </test-suite>
</test-run>