<?xml version="1.0" encoding="utf-8"?>
<test-run id="2" testcasecount="100" result="Passed" total="100" passed="100" failed="0" inconclusive="0" skipped="0" asserts="0" engine-version="3.5.0.0" clr-version="4.0.30319.42000" start-time="2026-09-16 21:50:07Z" end-time="2026-09-16 21:52:52Z" duration="165.5523368">
  <test-suite type="TestSuite" id="1120" name="TransparentPet" fullname="TransparentPet" runstate="Runnable" testcasecount="100" result="Passed" start-time="2026-09-16 21:50:07Z" end-time="2026-09-16 21:52:52Z" duration="165.552337" total="100" passed="100" failed="0" inconclusive="0" skipped="0" asserts="0">
    <properties />
    <test-suite type="Assembly" id="1233" name="TransparentPet.Tests.Editor.dll" fullname="F:/VSCode/transparent-pet-unity/transparent-pet/Library/ScriptAssemblies/TransparentPet.Tests.Editor.dll" runstate="Runnable" testcasecount="100" result="Passed" start-time="2026-09-16 21:50:07Z" end-time="2026-09-16 21:52:52Z" duration="165.519039" total="100" passed="100" failed="0" inconclusive="0" skipped="0" asserts="0">
      <properties>
        <property name="_PID" value="4260" />
        <property name="_APPDOMAIN" value="Unity Child Domain" />
        <property name="platform" value="EditMode" />
      </properties>
      <test-suite type="TestSuite" id="1234" name="TransparentPet" fullname="TransparentPet" runstate="Runnable" testcasecount="100" result="Passed" start-time="2026-09-16 21:50:07Z" end-time="2026-09-16 21:52:52Z" duration="165.518160" total="100" passed="100" failed="0" inconclusive="0" skipped="0" asserts="0">
        <properties />
        <test-suite type="TestSuite" id="1235" name="Pet" fullname="TransparentPet.Pet" runstate="Runnable" testcasecount="9" result="Passed" start-time="2026-09-16 21:50:07Z" end-time="2026-09-16 21:50:07Z" duration="0.096267" total="9" passed="9" failed="0" inconclusive="0" skipped="0" asserts="0">
          <properties />
          <test-suite type="TestSuite" id="1236" name="Tests" fullname="TransparentPet.Pet.Tests" runstate="Runnable" testcasecount="9" result="Passed" start-time="2026-09-16 21:50:07Z" end-time="2026-09-16 21:50:07Z" duration="0.096019" total="9" passed="9" failed="0" inconclusive="0" skipped="0" asserts="0">
            <properties />
            <test-suite type="TestFixture" id="1123" name="LiquidGlassSdfTests" fullname="TransparentPet.Pet.Tests.LiquidGlassSdfTests" classname="TransparentPet.Pet.Tests.LiquidGlassSdfTests" runstate="Runnable" testcasecount="9" result="Passed" start-time="2026-09-16 21:50:07Z" end-time="2026-09-16 21:50:07Z" duration="0.093388" total="9" passed="9" failed="0" inconclusive="0" skipped="0" asserts="0">
              <properties />
              <test-case id="1131" name="Hits_ScaleFollowsWidth" fullname="TransparentPet.Pet.Tests.LiquidGlassSdfTests.Hits_ScaleFollowsWidth" methodname="Hits_ScaleFollowsWidth" classname="TransparentPet.Pet.Tests.LiquidGlassSdfTests" runstate="Runnable" seed="1724569513" result="Passed" start-time="2026-09-16 21:50:07Z" end-time="2026-09-16 21:50:07Z" duration="0.033283" asserts="0">
                <properties />
              </test-case>
              <test-case id="1130" name="Hits_UsesTopOriginScreenSemantics" fullname="TransparentPet.Pet.Tests.LiquidGlassSdfTests.Hits_UsesTopOriginScreenSemantics" methodname="Hits_UsesTopOriginScreenSemantics" classname="TransparentPet.Pet.Tests.LiquidGlassSdfTests" runstate="Runnable" seed="601502003" result="Passed" start-time="2026-09-16 21:50:07Z" end-time="2026-09-16 21:50:07Z" duration="0.001045" asserts="0">
                <properties />
              </test-case>
              <test-case id="1132" name="ScaleFromWidthPx_MatchesAspectContract" fullname="TransparentPet.Pet.Tests.LiquidGlassSdfTests.ScaleFromWidthPx_MatchesAspectContract" methodname="ScaleFromWidthPx_MatchesAspectContract" classname="TransparentPet.Pet.Tests.LiquidGlassSdfTests" runstate="Runnable" seed="1123181101" result="Passed" start-time="2026-09-16 21:50:07Z" end-time="2026-09-16 21:50:07Z" duration="0.013794" asserts="0">
                <properties />
              </test-case>
              <test-case id="1127" name="Sdf_CeilingApexIsNearZero" fullname="TransparentPet.Pet.Tests.LiquidGlassSdfTests.Sdf_CeilingApexIsNearZero" methodname="Sdf_CeilingApexIsNearZero" classname="TransparentPet.Pet.Tests.LiquidGlassSdfTests" runstate="Runnable" seed="681230106" result="Passed" start-time="2026-09-16 21:50:07Z" end-time="2026-09-16 21:50:07Z" duration="0.000462" asserts="0">
                <properties />
              </test-case>
              <test-case id="1124" name="Sdf_CenterIsInside" fullname="TransparentPet.Pet.Tests.LiquidGlassSdfTests.Sdf_CenterIsInside" methodname="Sdf_CenterIsInside" classname="TransparentPet.Pet.Tests.LiquidGlassSdfTests" runstate="Runnable" seed="969155628" result="Passed" start-time="2026-09-16 21:50:07Z" end-time="2026-09-16 21:50:07Z" duration="0.010966" asserts="0">
                <properties />
              </test-case>
              <test-case id="1126" name="Sdf_FloorEdgeMidpointIsNearZero" fullname="TransparentPet.Pet.Tests.LiquidGlassSdfTests.Sdf_FloorEdgeMidpointIsNearZero" methodname="Sdf_FloorEdgeMidpointIsNearZero" classname="TransparentPet.Pet.Tests.LiquidGlassSdfTests" runstate="Runnable" seed="309634620" result="Passed" start-time="2026-09-16 21:50:07Z" end-time="2026-09-16 21:50:07Z" duration="0.000537" asserts="0">
                <properties />
              </test-case>
              <test-case id="1129" name="Sdf_IsXSymmetric" fullname="TransparentPet.Pet.Tests.LiquidGlassSdfTests.Sdf_IsXSymmetric" methodname="Sdf_IsXSymmetric" classname="TransparentPet.Pet.Tests.LiquidGlassSdfTests" runstate="Runnable" seed="892043139" result="Passed" start-time="2026-09-16 21:50:07Z" end-time="2026-09-16 21:50:07Z" duration="0.000497" asserts="0">
                <properties />
              </test-case>
              <test-case id="1128" name="Sdf_OutsidePointsArePositive" fullname="TransparentPet.Pet.Tests.LiquidGlassSdfTests.Sdf_OutsidePointsArePositive" methodname="Sdf_OutsidePointsArePositive" classname="TransparentPet.Pet.Tests.LiquidGlassSdfTests" runstate="Runnable" seed="1412635086" result="Passed" start-time="2026-09-16 21:50:07Z" end-time="2026-09-16 21:50:07Z" duration="0.000771" asserts="0">
                <properties />
              </test-case>
              <test-case id="1125" name="Sdf_WidestEdgeIsNearZero" fullname="TransparentPet.Pet.Tests.LiquidGlassSdfTests.Sdf_WidestEdgeIsNearZero" methodname="Sdf_WidestEdgeIsNearZero" classname="TransparentPet.Pet.Tests.LiquidGlassSdfTests" runstate="Runnable" seed="530802975" result="Passed" start-time="2026-09-16 21:50:07Z" end-time="2026-09-16 21:50:07Z" duration="0.000291" asserts="0">
                <properties />
              </test-case>
            </test-suite>
          </test-suite>
        </test-suite>
        <test-suite type="TestSuite" id="1237" name="Tests" fullname="TransparentPet.Tests" runstate="Runnable" testcasecount="91" result="Passed" start-time="2026-09-16 21:50:07Z" end-time="2026-09-16 21:52:52Z" duration="165.421452" total="91" passed="91" failed="0" inconclusive="0" skipped="0" asserts="0">
          <properties />
          <test-suite type="TestFixture" id="1133" name="AlphaHitTestTests" fullname="TransparentPet.Tests.AlphaHitTestTests" classname="TransparentPet.Tests.AlphaHitTestTests" runstate="Runnable" testcasecount="7" result="Passed" start-time="2026-09-16 21:50:07Z" end-time="2026-09-16 21:50:07Z" duration="0.013908" total="7" passed="7" failed="0" inconclusive="0" skipped="0" asserts="0">
            <properties />
            <test-case id="1134" name="OpaquePixel_Hits" fullname="TransparentPet.Tests.AlphaHitTestTests.OpaquePixel_Hits" methodname="OpaquePixel_Hits" classname="TransparentPet.Tests.AlphaHitTestTests" runstate="Runnable" seed="350907971" result="Passed" start-time="2026-09-16 21:50:07Z" end-time="2026-09-16 21:50:07Z" duration="0.001236" asserts="0">
              <properties />
            </test-case>
            <test-case id="1136" name="OutOfBounds_Misses" fullname="TransparentPet.Tests.AlphaHitTestTests.OutOfBounds_Misses" methodname="OutOfBounds_Misses" classname="TransparentPet.Tests.AlphaHitTestTests" runstate="Runnable" seed="449184128" result="Passed" start-time="2026-09-16 21:50:07Z" end-time="2026-09-16 21:50:07Z" duration="0.000431" asserts="0">
              <properties />
            </test-case>
            <test-case id="1137" name="Threshold_CompareIsInclusive" fullname="TransparentPet.Tests.AlphaHitTestTests.Threshold_CompareIsInclusive" methodname="Threshold_CompareIsInclusive" classname="TransparentPet.Tests.AlphaHitTestTests" runstate="Runnable" seed="670960483" result="Passed" start-time="2026-09-16 21:50:07Z" end-time="2026-09-16 21:50:07Z" duration="0.000326" asserts="0">
              <properties />
            </test-case>
            <test-case id="1135" name="TransparentPixel_Misses" fullname="TransparentPet.Tests.AlphaHitTestTests.TransparentPixel_Misses" methodname="TransparentPixel_Misses" classname="TransparentPet.Tests.AlphaHitTestTests" runstate="Runnable" seed="1949013943" result="Passed" start-time="2026-09-16 21:50:07Z" end-time="2026-09-16 21:50:07Z" duration="0.000626" asserts="0">
              <properties />
            </test-case>
            <test-case id="1138" name="WorldToPixel_MapsCenter" fullname="TransparentPet.Tests.AlphaHitTestTests.WorldToPixel_MapsCenter" methodname="WorldToPixel_MapsCenter" classname="TransparentPet.Tests.AlphaHitTestTests" runstate="Runnable" seed="456790764" result="Passed" start-time="2026-09-16 21:50:07Z" end-time="2026-09-16 21:50:07Z" duration="0.003822" asserts="0">
              <properties />
            </test-case>
            <test-case id="1140" name="WorldToPixel_RejectsDegenerateBounds" fullname="TransparentPet.Tests.AlphaHitTestTests.WorldToPixel_RejectsDegenerateBounds" methodname="WorldToPixel_RejectsDegenerateBounds" classname="TransparentPet.Tests.AlphaHitTestTests" runstate="Runnable" seed="571106118" result="Passed" start-time="2026-09-16 21:50:07Z" end-time="2026-09-16 21:50:07Z" duration="0.000523" asserts="0">
              <properties />
            </test-case>
            <test-case id="1139" name="WorldToPixel_RejectsOutsideBounds" fullname="TransparentPet.Tests.AlphaHitTestTests.WorldToPixel_RejectsOutsideBounds" methodname="WorldToPixel_RejectsOutsideBounds" classname="TransparentPet.Tests.AlphaHitTestTests" runstate="Runnable" seed="747874701" result="Passed" start-time="2026-09-16 21:50:07Z" end-time="2026-09-16 21:50:07Z" duration="0.002184" asserts="0">
              <properties />
            </test-case>
          </test-suite>
          <test-suite type="TestFixture" id="1141" name="EventBusTests" fullname="TransparentPet.Tests.EventBusTests" classname="TransparentPet.Tests.EventBusTests" runstate="Runnable" testcasecount="6" result="Passed" start-time="2026-09-16 21:50:07Z" end-time="2026-09-16 21:50:07Z" duration="0.049005" total="6" passed="6" failed="0" inconclusive="0" skipped="0" asserts="0">
            <properties />
            <test-case id="1145" name="ClearAll_ClearsAllSubscriptions" fullname="TransparentPet.Tests.EventBusTests.ClearAll_ClearsAllSubscriptions" methodname="ClearAll_ClearsAllSubscriptions" classname="TransparentPet.Tests.EventBusTests" runstate="Runnable" seed="1921103266" result="Passed" start-time="2026-09-16 21:50:07Z" end-time="2026-09-16 21:50:07Z" duration="0.012805" asserts="0">
              <properties />
            </test-case>
            <test-case id="1147" name="HandlerThrowing_DoesNotBlockOtherHandlers" fullname="TransparentPet.Tests.EventBusTests.HandlerThrowing_DoesNotBlockOtherHandlers" methodname="HandlerThrowing_DoesNotBlockOtherHandlers" classname="TransparentPet.Tests.EventBusTests" runstate="Runnable" seed="1254937276" result="Passed" start-time="2026-09-16 21:50:07Z" end-time="2026-09-16 21:50:07Z" duration="0.025356" asserts="0">
              <properties />
              <output><![CDATA[InvalidOperationException: EventBusHandlerThrowTest
]]></output>
            </test-case>
            <test-case id="1143" name="Publish_MultipleSubscribersAllReceive" fullname="TransparentPet.Tests.EventBusTests.Publish_MultipleSubscribersAllReceive" methodname="Publish_MultipleSubscribersAllReceive" classname="TransparentPet.Tests.EventBusTests" runstate="Runnable" seed="567212165" result="Passed" start-time="2026-09-16 21:50:07Z" end-time="2026-09-16 21:50:07Z" duration="0.001067" asserts="0">
              <properties />
            </test-case>
            <test-case id="1142" name="Publish_ReachesSubscriber" fullname="TransparentPet.Tests.EventBusTests.Publish_ReachesSubscriber" methodname="Publish_ReachesSubscriber" classname="TransparentPet.Tests.EventBusTests" runstate="Runnable" seed="727168165" result="Passed" start-time="2026-09-16 21:50:07Z" end-time="2026-09-16 21:50:07Z" duration="0.000683" asserts="0">
              <properties />
            </test-case>
            <test-case id="1146" name="SameTopic_DifferentPayloadTypes_DoNotInterfere" fullname="TransparentPet.Tests.EventBusTests.SameTopic_DifferentPayloadTypes_DoNotInterfere" methodname="SameTopic_DifferentPayloadTypes_DoNotInterfere" classname="TransparentPet.Tests.EventBusTests" runstate="Runnable" seed="459869520" result="Passed" start-time="2026-09-16 21:50:07Z" end-time="2026-09-16 21:50:07Z" duration="0.001289" asserts="0">
              <properties />
            </test-case>
            <test-case id="1144" name="Unsubscribe_StopsReceiving" fullname="TransparentPet.Tests.EventBusTests.Unsubscribe_StopsReceiving" methodname="Unsubscribe_StopsReceiving" classname="TransparentPet.Tests.EventBusTests" runstate="Runnable" seed="183976342" result="Passed" start-time="2026-09-16 21:50:07Z" end-time="2026-09-16 21:50:07Z" duration="0.004664" asserts="0">
              <properties />
            </test-case>
          </test-suite>
          <test-suite type="TestFixture" id="1148" name="GroundIdleHopTests" fullname="TransparentPet.Tests.GroundIdleHopTests" classname="TransparentPet.Tests.GroundIdleHopTests" runstate="Runnable" testcasecount="8" result="Passed" start-time="2026-09-16 21:50:07Z" end-time="2026-09-16 21:50:07Z" duration="0.011821" total="8" passed="8" failed="0" inconclusive="0" skipped="0" asserts="0">
            <properties />
            <test-case id="1153" name="AirborneTooLong_AbortsBurst" fullname="TransparentPet.Tests.GroundIdleHopTests.AirborneTooLong_AbortsBurst" methodname="AirborneTooLong_AbortsBurst" classname="TransparentPet.Tests.GroundIdleHopTests" runstate="Runnable" seed="104576590" result="Passed" start-time="2026-09-16 21:50:07Z" end-time="2026-09-16 21:50:07Z" duration="0.001829" asserts="0">
              <properties />
            </test-case>
            <test-case id="1152" name="Burst_NeverLeavingGround_AbortsAndRestarts" fullname="TransparentPet.Tests.GroundIdleHopTests.Burst_NeverLeavingGround_AbortsAndRestarts" methodname="Burst_NeverLeavingGround_AbortsAndRestarts" classname="TransparentPet.Tests.GroundIdleHopTests" runstate="Runnable" seed="274491379" result="Passed" start-time="2026-09-16 21:50:07Z" end-time="2026-09-16 21:50:07Z" duration="0.000586" asserts="0">
              <properties />
            </test-case>
            <test-case id="1150" name="Burst_SecondHopFiresOnLanding_ThenTimerRestarts" fullname="TransparentPet.Tests.GroundIdleHopTests.Burst_SecondHopFiresOnLanding_ThenTimerRestarts" methodname="Burst_SecondHopFiresOnLanding_ThenTimerRestarts" classname="TransparentPet.Tests.GroundIdleHopTests" runstate="Runnable" seed="1741853729" result="Passed" start-time="2026-09-16 21:50:07Z" end-time="2026-09-16 21:50:07Z" duration="0.000826" asserts="0">
              <properties />
            </test-case>
            <test-case id="1154" name="Disturb_DropsPendingHopsAndRestartsTimer" fullname="TransparentPet.Tests.GroundIdleHopTests.Disturb_DropsPendingHopsAndRestartsTimer" methodname="Disturb_DropsPendingHopsAndRestartsTimer" classname="TransparentPet.Tests.GroundIdleHopTests" runstate="Runnable" seed="381943116" result="Passed" start-time="2026-09-16 21:50:07Z" end-time="2026-09-16 21:50:07Z" duration="0.000456" asserts="0">
              <properties />
            </test-case>
            <test-case id="1155" name="LeavingGround_ResetsWaitTimer" fullname="TransparentPet.Tests.GroundIdleHopTests.LeavingGround_ResetsWaitTimer" methodname="LeavingGround_ResetsWaitTimer" classname="TransparentPet.Tests.GroundIdleHopTests" runstate="Runnable" seed="2034533302" result="Passed" start-time="2026-09-16 21:50:07Z" end-time="2026-09-16 21:50:07Z" duration="0.000395" asserts="0">
              <properties />
            </test-case>
            <test-case id="1149" name="Resting_WaitsFullDelayBeforeFirstHop" fullname="TransparentPet.Tests.GroundIdleHopTests.Resting_WaitsFullDelayBeforeFirstHop" methodname="Resting_WaitsFullDelayBeforeFirstHop" classname="TransparentPet.Tests.GroundIdleHopTests" runstate="Runnable" seed="1552615954" result="Passed" start-time="2026-09-16 21:50:07Z" end-time="2026-09-16 21:50:07Z" duration="0.000814" asserts="0">
              <properties />
            </test-case>
            <test-case id="1151" name="SingleHopBurst_EndsOnLanding" fullname="TransparentPet.Tests.GroundIdleHopTests.SingleHopBurst_EndsOnLanding" methodname="SingleHopBurst_EndsOnLanding" classname="TransparentPet.Tests.GroundIdleHopTests" runstate="Runnable" seed="1433163970" result="Passed" start-time="2026-09-16 21:50:07Z" end-time="2026-09-16 21:50:07Z" duration="0.000709" asserts="0">
              <properties />
            </test-case>
            <test-case id="1156" name="ZeroDeltaTime_IsIgnored" fullname="TransparentPet.Tests.GroundIdleHopTests.ZeroDeltaTime_IsIgnored" methodname="ZeroDeltaTime_IsIgnored" classname="TransparentPet.Tests.GroundIdleHopTests" runstate="Runnable" seed="1408300407" result="Passed" start-time="2026-09-16 21:50:07Z" end-time="2026-09-16 21:50:07Z" duration="0.000768" asserts="0">
              <properties />
            </test-case>
          </test-suite>
          <test-suite type="TestFixture" id="1157" name="PetConfigAndRegistryTests" fullname="TransparentPet.Tests.PetConfigAndRegistryTests" classname="TransparentPet.Tests.PetConfigAndRegistryTests" runstate="Runnable" testcasecount="12" result="Passed" start-time="2026-09-16 21:50:07Z" end-time="2026-09-16 21:50:07Z" duration="0.287592" total="12" passed="12" failed="0" inconclusive="0" skipped="0" asserts="0">
            <properties />
            <test-case id="1169" name="All_HasAtLeastThreePresets_WithUniqueIds" fullname="TransparentPet.Tests.PetConfigAndRegistryTests.All_HasAtLeastThreePresets_WithUniqueIds" methodname="All_HasAtLeastThreePresets_WithUniqueIds" classname="TransparentPet.Tests.PetConfigAndRegistryTests" runstate="Runnable" seed="633732631" result="Passed" start-time="2026-09-16 21:50:07Z" end-time="2026-09-16 21:50:07Z" duration="0.003324" asserts="0">
              <properties />
            </test-case>
            <test-case id="1166" name="GetById_RegisteredId_ReturnsPreset" fullname="TransparentPet.Tests.PetConfigAndRegistryTests.GetById_RegisteredId_ReturnsPreset" methodname="GetById_RegisteredId_ReturnsPreset" classname="TransparentPet.Tests.PetConfigAndRegistryTests" runstate="Runnable" seed="1388309898" result="Passed" start-time="2026-09-16 21:50:07Z" end-time="2026-09-16 21:50:07Z" duration="0.004834" asserts="0">
              <properties />
            </test-case>
            <test-case id="1167" name="GetById_UnknownId_FallsBackToSlime1" fullname="TransparentPet.Tests.PetConfigAndRegistryTests.GetById_UnknownId_FallsBackToSlime1" methodname="GetById_UnknownId_FallsBackToSlime1" classname="TransparentPet.Tests.PetConfigAndRegistryTests" runstate="Runnable" seed="1136136614" result="Passed" start-time="2026-09-16 21:50:07Z" end-time="2026-09-16 21:50:07Z" duration="0.001653" asserts="0">
              <properties />
              <output><![CDATA[[CharacterRegistry] 未找到角色 id: 不存在的角色_id，回退到默认角色 slime_1
]]></output>
            </test-case>
            <test-case id="1168" name="IsValid_OnlyAcceptsRegisteredIds" fullname="TransparentPet.Tests.PetConfigAndRegistryTests.IsValid_OnlyAcceptsRegisteredIds" methodname="IsValid_OnlyAcceptsRegisteredIds" classname="TransparentPet.Tests.PetConfigAndRegistryTests" runstate="Runnable" seed="1605813827" result="Passed" start-time="2026-09-16 21:50:07Z" end-time="2026-09-16 21:50:07Z" duration="0.000650" asserts="0">
              <properties />
            </test-case>
            <test-case id="1160" name="Load_CorruptedJson_ReturnsDefaultsWithoutThrowing" fullname="TransparentPet.Tests.PetConfigAndRegistryTests.Load_CorruptedJson_ReturnsDefaultsWithoutThrowing" methodname="Load_CorruptedJson_ReturnsDefaultsWithoutThrowing" classname="TransparentPet.Tests.PetConfigAndRegistryTests" runstate="Runnable" seed="1687472173" result="Passed" start-time="2026-09-16 21:50:07Z" end-time="2026-09-16 21:50:07Z" duration="0.142478" asserts="0">
              <properties />
              <output><![CDATA[[PetConfigStore] 读取配置失败，回退默认配置：C:\Users\fanbo\AppData\Local\Temp\tmp56467ee6.tmp
JSON parse error: Missing a name for object member.
]]></output>
            </test-case>
            <test-case id="1162" name="Load_MissingFile_PerPetArraysAreEmpty" fullname="TransparentPet.Tests.PetConfigAndRegistryTests.Load_MissingFile_PerPetArraysAreEmpty" methodname="Load_MissingFile_PerPetArraysAreEmpty" classname="TransparentPet.Tests.PetConfigAndRegistryTests" runstate="Runnable" seed="1236409668" result="Passed" start-time="2026-09-16 21:50:07Z" end-time="2026-09-16 21:50:07Z" duration="0.001304" asserts="0">
              <properties />
            </test-case>
            <test-case id="1159" name="Load_MissingFile_ReturnsDefaults" fullname="TransparentPet.Tests.PetConfigAndRegistryTests.Load_MissingFile_ReturnsDefaults" methodname="Load_MissingFile_ReturnsDefaults" classname="TransparentPet.Tests.PetConfigAndRegistryTests" runstate="Runnable" seed="1083449258" result="Passed" start-time="2026-09-16 21:50:07Z" end-time="2026-09-16 21:50:07Z" duration="0.001484" asserts="0">
              <properties />
            </test-case>
            <test-case id="1158" name="SaveLoad_RoundTrip_PreservesAllFields" fullname="TransparentPet.Tests.PetConfigAndRegistryTests.SaveLoad_RoundTrip_PreservesAllFields" methodname="SaveLoad_RoundTrip_PreservesAllFields" classname="TransparentPet.Tests.PetConfigAndRegistryTests" runstate="Runnable" seed="1157489456" result="Passed" start-time="2026-09-16 21:50:07Z" end-time="2026-09-16 21:50:07Z" duration="0.074352" asserts="0">
              <properties />
            </test-case>
            <test-case id="1161" name="SaveLoad_RoundTrip_PreservesPerPetArrays" fullname="TransparentPet.Tests.PetConfigAndRegistryTests.SaveLoad_RoundTrip_PreservesPerPetArrays" methodname="SaveLoad_RoundTrip_PreservesPerPetArrays" classname="TransparentPet.Tests.PetConfigAndRegistryTests" runstate="Runnable" seed="1494209113" result="Passed" start-time="2026-09-16 21:50:07Z" end-time="2026-09-16 21:50:07Z" duration="0.046844" asserts="0">
              <properties />
            </test-case>
            <test-case id="1163" name="SpeciesCatalog_GlassIsIndexZero_ForwardCompat" fullname="TransparentPet.Tests.PetConfigAndRegistryTests.SpeciesCatalog_GlassIsIndexZero_ForwardCompat" methodname="SpeciesCatalog_GlassIsIndexZero_ForwardCompat" classname="TransparentPet.Tests.PetConfigAndRegistryTests" runstate="Runnable" seed="1275552765" result="Passed" start-time="2026-09-16 21:50:07Z" end-time="2026-09-16 21:50:07Z" duration="0.002367" asserts="0">
              <properties />
            </test-case>
            <test-case id="1164" name="SpeciesCatalog_IdsUnique_AndCapsPositive" fullname="TransparentPet.Tests.PetConfigAndRegistryTests.SpeciesCatalog_IdsUnique_AndCapsPositive" methodname="SpeciesCatalog_IdsUnique_AndCapsPositive" classname="TransparentPet.Tests.PetConfigAndRegistryTests" runstate="Runnable" seed="1508084789" result="Passed" start-time="2026-09-16 21:50:07Z" end-time="2026-09-16 21:50:07Z" duration="0.001186" asserts="0">
              <properties />
            </test-case>
            <test-case id="1165" name="SpeciesCatalog_UnknownId_ReturnsMinusOne" fullname="TransparentPet.Tests.PetConfigAndRegistryTests.SpeciesCatalog_UnknownId_ReturnsMinusOne" methodname="SpeciesCatalog_UnknownId_ReturnsMinusOne" classname="TransparentPet.Tests.PetConfigAndRegistryTests" runstate="Runnable" seed="1161901573" result="Passed" start-time="2026-09-16 21:50:07Z" end-time="2026-09-16 21:50:07Z" duration="0.000733" asserts="0">
              <properties />
            </test-case>
          </test-suite>
          <test-suite type="TestFixture" id="1170" name="PetLifeMathTests" fullname="TransparentPet.Tests.PetLifeMathTests" classname="TransparentPet.Tests.PetLifeMathTests" runstate="Runnable" testcasecount="16" result="Passed" start-time="2026-09-16 21:50:07Z" end-time="2026-09-16 21:50:07Z" duration="0.051808" total="16" passed="16" failed="0" inconclusive="0" skipped="0" asserts="0">
            <properties />
            <test-case id="1184" name="Approach_HalfLife_WalksHalfTheGap" fullname="TransparentPet.Tests.PetLifeMathTests.Approach_HalfLife_WalksHalfTheGap" methodname="Approach_HalfLife_WalksHalfTheGap" classname="TransparentPet.Tests.PetLifeMathTests" runstate="Runnable" seed="491213109" result="Passed" start-time="2026-09-16 21:50:07Z" end-time="2026-09-16 21:50:07Z" duration="0.001062" asserts="0">
              <properties />
            </test-case>
            <test-case id="1185" name="Approach_MonotonicTowardTarget_AndFrameRateIndependent" fullname="TransparentPet.Tests.PetLifeMathTests.Approach_MonotonicTowardTarget_AndFrameRateIndependent" methodname="Approach_MonotonicTowardTarget_AndFrameRateIndependent" classname="TransparentPet.Tests.PetLifeMathTests" runstate="Runnable" seed="1029041265" result="Passed" start-time="2026-09-16 21:50:07Z" end-time="2026-09-16 21:50:07Z" duration="0.002609" asserts="0">
              <properties />
            </test-case>
            <test-case id="1186" name="Approach_ZeroHalfLife_SnapsToTarget" fullname="TransparentPet.Tests.PetLifeMathTests.Approach_ZeroHalfLife_SnapsToTarget" methodname="Approach_ZeroHalfLife_SnapsToTarget" classname="TransparentPet.Tests.PetLifeMathTests" runstate="Runnable" seed="1256157019" result="Passed" start-time="2026-09-16 21:50:07Z" end-time="2026-09-16 21:50:07Z" duration="0.000588" asserts="0">
              <properties />
            </test-case>
            <test-case id="1172" name="BreatheScale_NonPositivePeriod_ReturnsNeutral" fullname="TransparentPet.Tests.PetLifeMathTests.BreatheScale_NonPositivePeriod_ReturnsNeutral" methodname="BreatheScale_NonPositivePeriod_ReturnsNeutral" classname="TransparentPet.Tests.PetLifeMathTests" runstate="Runnable" seed="326657985" result="Passed" start-time="2026-09-16 21:50:07Z" end-time="2026-09-16 21:50:07Z" duration="0.000975" asserts="0">
              <properties />
            </test-case>
            <test-case id="1171" name="BreatheScale_QuarterPeriod_PeaksAtPlusAmplitude" fullname="TransparentPet.Tests.PetLifeMathTests.BreatheScale_QuarterPeriod_PeaksAtPlusAmplitude" methodname="BreatheScale_QuarterPeriod_PeaksAtPlusAmplitude" classname="TransparentPet.Tests.PetLifeMathTests" runstate="Runnable" seed="1017122804" result="Passed" start-time="2026-09-16 21:50:07Z" end-time="2026-09-16 21:50:07Z" duration="0.002100" asserts="0">
              <properties />
            </test-case>
            <test-case id="1173" name="FloatOffset_PhaseShiftsByFractionOfPeriod" fullname="TransparentPet.Tests.PetLifeMathTests.FloatOffset_PhaseShiftsByFractionOfPeriod" methodname="FloatOffset_PhaseShiftsByFractionOfPeriod" classname="TransparentPet.Tests.PetLifeMathTests" runstate="Runnable" seed="712338116" result="Passed" start-time="2026-09-16 21:50:07Z" end-time="2026-09-16 21:50:07Z" duration="0.000754" asserts="0">
              <properties />
            </test-case>
            <test-case id="1180" name="ImpactImpulse_InvalidReference_ReturnsZero" fullname="TransparentPet.Tests.PetLifeMathTests.ImpactImpulse_InvalidReference_ReturnsZero" methodname="ImpactImpulse_InvalidReference_ReturnsZero" classname="TransparentPet.Tests.PetLifeMathTests" runstate="Runnable" seed="1439419945" result="Passed" start-time="2026-09-16 21:50:07Z" end-time="2026-09-16 21:50:07Z" duration="0.000575" asserts="0">
              <properties />
            </test-case>
            <test-case id="1178" name="ImpactImpulse_MapsLinearlyBetweenDeadZoneAndReference" fullname="TransparentPet.Tests.PetLifeMathTests.ImpactImpulse_MapsLinearlyBetweenDeadZoneAndReference" methodname="ImpactImpulse_MapsLinearlyBetweenDeadZoneAndReference" classname="TransparentPet.Tests.PetLifeMathTests" runstate="Runnable" seed="143295068" result="Passed" start-time="2026-09-16 21:50:07Z" end-time="2026-09-16 21:50:07Z" duration="0.001154" asserts="0">
              <properties />
            </test-case>
            <test-case id="1179" name="ImpactImpulse_NegativeSpeed_UsesMagnitude" fullname="TransparentPet.Tests.PetLifeMathTests.ImpactImpulse_NegativeSpeed_UsesMagnitude" methodname="ImpactImpulse_NegativeSpeed_UsesMagnitude" classname="TransparentPet.Tests.PetLifeMathTests" runstate="Runnable" seed="1756293241" result="Passed" start-time="2026-09-16 21:50:07Z" end-time="2026-09-16 21:50:07Z" duration="0.001031" asserts="0">
              <properties />
            </test-case>
            <test-case id="1174" name="StepSquash_FromDisplacedState_ConvergesToRest" fullname="TransparentPet.Tests.PetLifeMathTests.StepSquash_FromDisplacedState_ConvergesToRest" methodname="StepSquash_FromDisplacedState_ConvergesToRest" classname="TransparentPet.Tests.PetLifeMathTests" runstate="Runnable" seed="1185678136" result="Passed" start-time="2026-09-16 21:50:07Z" end-time="2026-09-16 21:50:07Z" duration="0.001640" asserts="0">
              <properties />
            </test-case>
            <test-case id="1177" name="StepSquash_LargeDampingAndLargeDt_StaysStable" fullname="TransparentPet.Tests.PetLifeMathTests.StepSquash_LargeDampingAndLargeDt_StaysStable" methodname="StepSquash_LargeDampingAndLargeDt_StaysStable" classname="TransparentPet.Tests.PetLifeMathTests" runstate="Runnable" seed="150592667" result="Passed" start-time="2026-09-16 21:50:07Z" end-time="2026-09-16 21:50:07Z" duration="0.001366" asserts="0">
              <properties />
            </test-case>
            <test-case id="1176" name="StepSquash_Overdamped_NeverChangesSign" fullname="TransparentPet.Tests.PetLifeMathTests.StepSquash_Overdamped_NeverChangesSign" methodname="StepSquash_Overdamped_NeverChangesSign" classname="TransparentPet.Tests.PetLifeMathTests" runstate="Runnable" seed="209178337" result="Passed" start-time="2026-09-16 21:50:07Z" end-time="2026-09-16 21:50:07Z" duration="0.003049" asserts="0">
              <properties />
            </test-case>
            <test-case id="1175" name="StepSquash_Underdamped_OvershootsThroughZero" fullname="TransparentPet.Tests.PetLifeMathTests.StepSquash_Underdamped_OvershootsThroughZero" methodname="StepSquash_Underdamped_OvershootsThroughZero" classname="TransparentPet.Tests.PetLifeMathTests" runstate="Runnable" seed="1724953349" result="Passed" start-time="2026-09-16 21:50:07Z" end-time="2026-09-16 21:50:07Z" duration="0.000745" asserts="0">
              <properties />
            </test-case>
            <test-case id="1181" name="TiltAngle_RightwardMotion_TiltsNegative" fullname="TransparentPet.Tests.PetLifeMathTests.TiltAngle_RightwardMotion_TiltsNegative" methodname="TiltAngle_RightwardMotion_TiltsNegative" classname="TransparentPet.Tests.PetLifeMathTests" runstate="Runnable" seed="1704167694" result="Passed" start-time="2026-09-16 21:50:07Z" end-time="2026-09-16 21:50:07Z" duration="0.000722" asserts="0">
              <properties />
            </test-case>
            <test-case id="1182" name="TiltAngle_SaturatesAtMaxDegrees" fullname="TransparentPet.Tests.PetLifeMathTests.TiltAngle_SaturatesAtMaxDegrees" methodname="TiltAngle_SaturatesAtMaxDegrees" classname="TransparentPet.Tests.PetLifeMathTests" runstate="Runnable" seed="895152058" result="Passed" start-time="2026-09-16 21:50:07Z" end-time="2026-09-16 21:50:07Z" duration="0.000852" asserts="0">
              <properties />
            </test-case>
            <test-case id="1183" name="TiltAngle_ZeroSpeedForMax_ReturnsZero" fullname="TransparentPet.Tests.PetLifeMathTests.TiltAngle_ZeroSpeedForMax_ReturnsZero" methodname="TiltAngle_ZeroSpeedForMax_ReturnsZero" classname="TransparentPet.Tests.PetLifeMathTests" runstate="Runnable" seed="1338653896" result="Passed" start-time="2026-09-16 21:50:07Z" end-time="2026-09-16 21:50:07Z" duration="0.014072" asserts="0">
              <properties />
            </test-case>
          </test-suite>
          <test-suite type="TestFixture" id="1187" name="PointerHoverTests" fullname="TransparentPet.Tests.PointerHoverTests" classname="TransparentPet.Tests.PointerHoverTests" runstate="Runnable" testcasecount="6" result="Passed" start-time="2026-09-16 21:50:07Z" end-time="2026-09-16 21:50:07Z" duration="0.015789" total="6" passed="6" failed="0" inconclusive="0" skipped="0" asserts="0">
            <properties />
            <test-case id="1188" name="NeverReported_IsNotOverPet" fullname="TransparentPet.Tests.PointerHoverTests.NeverReported_IsNotOverPet" methodname="NeverReported_IsNotOverPet" classname="TransparentPet.Tests.PointerHoverTests" runstate="Runnable" seed="957223642" result="Passed" start-time="2026-09-16 21:50:07Z" end-time="2026-09-16 21:50:07Z" duration="0.001426" asserts="0">
              <properties />
            </test-case>
            <test-case id="1190" name="ReportedLastFrame_IsStillOverPet" fullname="TransparentPet.Tests.PointerHoverTests.ReportedLastFrame_IsStillOverPet" methodname="ReportedLastFrame_IsStillOverPet" classname="TransparentPet.Tests.PointerHoverTests" runstate="Runnable" seed="1802523150" result="Passed" start-time="2026-09-16 21:50:07Z" end-time="2026-09-16 21:50:07Z" duration="0.000581" asserts="0">
              <properties />
            </test-case>
            <test-case id="1189" name="ReportedThisFrame_IsOverPet" fullname="TransparentPet.Tests.PointerHoverTests.ReportedThisFrame_IsOverPet" methodname="ReportedThisFrame_IsOverPet" classname="TransparentPet.Tests.PointerHoverTests" runstate="Runnable" seed="1902115895" result="Passed" start-time="2026-09-16 21:50:07Z" end-time="2026-09-16 21:50:07Z" duration="0.000375" asserts="0">
              <properties />
            </test-case>
            <test-case id="1192" name="ReportKeepsRefreshing_StaysOverPet" fullname="TransparentPet.Tests.PointerHoverTests.ReportKeepsRefreshing_StaysOverPet" methodname="ReportKeepsRefreshing_StaysOverPet" classname="TransparentPet.Tests.PointerHoverTests" runstate="Runnable" seed="623335835" result="Passed" start-time="2026-09-16 21:50:07Z" end-time="2026-09-16 21:50:07Z" duration="0.005407" asserts="0">
              <properties />
            </test-case>
            <test-case id="1193" name="Reset_ClearsReport" fullname="TransparentPet.Tests.PointerHoverTests.Reset_ClearsReport" methodname="Reset_ClearsReport" classname="TransparentPet.Tests.PointerHoverTests" runstate="Runnable" seed="2071522101" result="Passed" start-time="2026-09-16 21:50:07Z" end-time="2026-09-16 21:50:07Z" duration="0.002780" asserts="0">
              <properties />
            </test-case>
            <test-case id="1191" name="StaleByTwoFrames_IsNotOverPet" fullname="TransparentPet.Tests.PointerHoverTests.StaleByTwoFrames_IsNotOverPet" methodname="StaleByTwoFrames_IsNotOverPet" classname="TransparentPet.Tests.PointerHoverTests" runstate="Runnable" seed="1788390701" result="Passed" start-time="2026-09-16 21:50:07Z" end-time="2026-09-16 21:50:07Z" duration="0.000860" asserts="0">
              <properties />
            </test-case>
          </test-suite>
          <test-suite type="TestFixture" id="1194" name="SlimePbfTests" fullname="TransparentPet.Tests.SlimePbfTests" classname="TransparentPet.Tests.SlimePbfTests" runstate="Runnable" testcasecount="12" result="Passed" start-time="2026-09-16 21:50:07Z" end-time="2026-09-16 21:52:51Z" duration="164.066690" total="12" passed="12" failed="0" inconclusive="0" skipped="0" asserts="0">
            <properties />
            <test-case id="1205" name="Bounds_ClampAllParticlesInside" fullname="TransparentPet.Tests.SlimePbfTests.Bounds_ClampAllParticlesInside" methodname="Bounds_ClampAllParticlesInside" classname="TransparentPet.Tests.SlimePbfTests" runstate="Runnable" seed="1748815260" result="Passed" start-time="2026-09-16 21:50:07Z" end-time="2026-09-16 21:50:09Z" duration="1.657639" asserts="0">
              <properties />
            </test-case>
            <test-case id="1201" name="DensityConserved_AfterLanding" fullname="TransparentPet.Tests.SlimePbfTests.DensityConserved_AfterLanding" methodname="DensityConserved_AfterLanding" classname="TransparentPet.Tests.SlimePbfTests" runstate="Runnable" seed="189670234" result="Passed" start-time="2026-09-16 21:50:09Z" end-time="2026-09-16 21:50:31Z" duration="21.864744" asserts="0">
              <properties />
            </test-case>
            <test-case id="1204" name="Drag_AggressivePull_KeepsBodyConnected" fullname="TransparentPet.Tests.SlimePbfTests.Drag_AggressivePull_KeepsBodyConnected" methodname="Drag_AggressivePull_KeepsBodyConnected" classname="TransparentPet.Tests.SlimePbfTests" runstate="Runnable" seed="551410362" result="Passed" start-time="2026-09-16 21:50:31Z" end-time="2026-09-16 21:50:43Z" duration="12.016107" asserts="0">
              <properties />
            </test-case>
            <test-case id="1202" name="Drag_FollowsSlowMove_PlacesOnRelease" fullname="TransparentPet.Tests.SlimePbfTests.Drag_FollowsSlowMove_PlacesOnRelease" methodname="Drag_FollowsSlowMove_PlacesOnRelease" classname="TransparentPet.Tests.SlimePbfTests" runstate="Runnable" seed="1519252966" result="Passed" start-time="2026-09-16 21:50:43Z" end-time="2026-09-16 21:50:46Z" duration="3.296261" asserts="0">
              <properties />
            </test-case>
            <test-case id="1203" name="Flick_ProducesThrowVelocity" fullname="TransparentPet.Tests.SlimePbfTests.Flick_ProducesThrowVelocity" methodname="Flick_ProducesThrowVelocity" classname="TransparentPet.Tests.SlimePbfTests" runstate="Runnable" seed="1836837324" result="Passed" start-time="2026-09-16 21:50:46Z" end-time="2026-09-16 21:50:46Z" duration="0.263671" asserts="0">
              <properties />
            </test-case>
            <test-case id="1198" name="Gravity_LandsOnGroundAndSettles" fullname="TransparentPet.Tests.SlimePbfTests.Gravity_LandsOnGroundAndSettles" methodname="Gravity_LandsOnGroundAndSettles" classname="TransparentPet.Tests.SlimePbfTests" runstate="Runnable" seed="1729217829" result="Passed" start-time="2026-09-16 21:50:46Z" end-time="2026-09-16 21:51:03Z" duration="17.049632" asserts="0">
              <properties />
            </test-case>
            <test-case id="1206" name="Hop_GivesUpwardImpulse" fullname="TransparentPet.Tests.SlimePbfTests.Hop_GivesUpwardImpulse" methodname="Hop_GivesUpwardImpulse" classname="TransparentPet.Tests.SlimePbfTests" runstate="Runnable" seed="1801648444" result="Passed" start-time="2026-09-16 21:51:03Z" end-time="2026-09-16 21:51:11Z" duration="7.670799" asserts="0">
              <properties />
            </test-case>
            <test-case id="1195" name="Init_ScattersParticlesInsideShape" fullname="TransparentPet.Tests.SlimePbfTests.Init_ScattersParticlesInsideShape" methodname="Init_ScattersParticlesInsideShape" classname="TransparentPet.Tests.SlimePbfTests" runstate="Runnable" seed="1649587106" result="Passed" start-time="2026-09-16 21:51:11Z" end-time="2026-09-16 21:51:11Z" duration="0.013215" asserts="0">
              <properties />
            </test-case>
            <test-case id="1199" name="Landing_SquashesThenRestsAsWideJelly" fullname="TransparentPet.Tests.SlimePbfTests.Landing_SquashesThenRestsAsWideJelly" methodname="Landing_SquashesThenRestsAsWideJelly" classname="TransparentPet.Tests.SlimePbfTests" runstate="Runnable" seed="546197430" result="Passed" start-time="2026-09-16 21:51:11Z" end-time="2026-09-16 21:51:26Z" duration="15.196179" asserts="0">
              <properties />
            </test-case>
            <test-case id="1200" name="RestOnGround_DoesNotFlattenOverTime" fullname="TransparentPet.Tests.SlimePbfTests.RestOnGround_DoesNotFlattenOverTime" methodname="RestOnGround_DoesNotFlattenOverTime" classname="TransparentPet.Tests.SlimePbfTests" runstate="Runnable" seed="1223221913" result="Passed" start-time="2026-09-16 21:51:26Z" end-time="2026-09-16 21:52:09Z" duration="42.868122" asserts="0">
              <properties />
            </test-case>
            <test-case id="1196" name="RestOnGround_KeepsPositionStable" fullname="TransparentPet.Tests.SlimePbfTests.RestOnGround_KeepsPositionStable" methodname="RestOnGround_KeepsPositionStable" classname="TransparentPet.Tests.SlimePbfTests" runstate="Runnable" seed="728048352" result="Passed" start-time="2026-09-16 21:52:09Z" end-time="2026-09-16 21:52:36Z" duration="26.739000" asserts="0">
              <properties />
            </test-case>
            <test-case id="1197" name="Settle_SurfaceMicroMotionStops" fullname="TransparentPet.Tests.SlimePbfTests.Settle_SurfaceMicroMotionStops" methodname="Settle_SurfaceMicroMotionStops" classname="TransparentPet.Tests.SlimePbfTests" runstate="Runnable" seed="592852612" result="Passed" start-time="2026-09-16 21:52:36Z" end-time="2026-09-16 21:52:51Z" duration="15.424879" asserts="0">
              <properties />
            </test-case>
          </test-suite>
          <test-suite type="TestFixture" id="1207" name="SlimeSimulationTests" fullname="TransparentPet.Tests.SlimeSimulationTests" classname="TransparentPet.Tests.SlimeSimulationTests" runstate="Runnable" testcasecount="14" result="Passed" start-time="2026-09-16 21:52:51Z" end-time="2026-09-16 21:52:52Z" duration="0.892429" total="14" passed="14" failed="0" inconclusive="0" skipped="0" asserts="0">
            <properties />
            <test-case id="1221" name="ApplyAttraction_PullsBodyTowardTargetOverTime" fullname="TransparentPet.Tests.SlimeSimulationTests.ApplyAttraction_PullsBodyTowardTargetOverTime" methodname="ApplyAttraction_PullsBodyTowardTargetOverTime" classname="TransparentPet.Tests.SlimeSimulationTests" runstate="Runnable" seed="855372213" result="Passed" start-time="2026-09-16 21:52:51Z" end-time="2026-09-16 21:52:52Z" duration="0.594292" asserts="0">
              <properties />
            </test-case>
            <test-case id="1220" name="ContainsPoint_TrueInside_FalseFarOutside" fullname="TransparentPet.Tests.SlimeSimulationTests.ContainsPoint_TrueInside_FalseFarOutside" methodname="ContainsPoint_TrueInside_FalseFarOutside" classname="TransparentPet.Tests.SlimeSimulationTests" runstate="Runnable" seed="1820211587" result="Passed" start-time="2026-09-16 21:52:52Z" end-time="2026-09-16 21:52:52Z" duration="0.001144" asserts="0">
              <properties />
            </test-case>
            <test-case id="1213" name="FastFlickRelease_ThrowsAtClampedSpeed" fullname="TransparentPet.Tests.SlimeSimulationTests.FastFlickRelease_ThrowsAtClampedSpeed" methodname="FastFlickRelease_ThrowsAtClampedSpeed" classname="TransparentPet.Tests.SlimeSimulationTests" runstate="Runnable" seed="1789807941" result="Passed" start-time="2026-09-16 21:52:52Z" end-time="2026-09-16 21:52:52Z" duration="0.005123" asserts="0">
              <properties />
            </test-case>
            <test-case id="1214" name="GravityFall_LandsOnGround_AndVelocityDecays" fullname="TransparentPet.Tests.SlimeSimulationTests.GravityFall_LandsOnGround_AndVelocityDecays" methodname="GravityFall_LandsOnGround_AndVelocityDecays" classname="TransparentPet.Tests.SlimeSimulationTests" runstate="Runnable" seed="2130398531" result="Passed" start-time="2026-09-16 21:52:52Z" end-time="2026-09-16 21:52:52Z" duration="0.044482" asserts="0">
              <properties />
            </test-case>
            <test-case id="1209" name="HoverStep_AreaStaysConserved_AndCentroidDoesNotDrift" fullname="TransparentPet.Tests.SlimeSimulationTests.HoverStep_AreaStaysConserved_AndCentroidDoesNotDrift" methodname="HoverStep_AreaStaysConserved_AndCentroidDoesNotDrift" classname="TransparentPet.Tests.SlimeSimulationTests" runstate="Runnable" seed="937423014" result="Passed" start-time="2026-09-16 21:52:52Z" end-time="2026-09-16 21:52:52Z" duration="0.036059" asserts="0">
              <properties />
            </test-case>
            <test-case id="1210" name="HoverStep_RestShapeHasFlattenedBunBottom" fullname="TransparentPet.Tests.SlimeSimulationTests.HoverStep_RestShapeHasFlattenedBunBottom" methodname="HoverStep_RestShapeHasFlattenedBunBottom" classname="TransparentPet.Tests.SlimeSimulationTests" runstate="Runnable" seed="454863863" result="Passed" start-time="2026-09-16 21:52:52Z" end-time="2026-09-16 21:52:52Z" duration="0.032142" asserts="0">
              <properties />
            </test-case>
            <test-case id="1208" name="InitialState_AreaPositive_CentroidNearCenter_AreaNearConserved" fullname="TransparentPet.Tests.SlimeSimulationTests.InitialState_AreaPositive_CentroidNearCenter_AreaNearConserved" methodname="InitialState_AreaPositive_CentroidNearCenter_AreaNearConserved" classname="TransparentPet.Tests.SlimeSimulationTests" runstate="Runnable" seed="1667952054" result="Passed" start-time="2026-09-16 21:52:52Z" end-time="2026-09-16 21:52:52Z" duration="0.003533" asserts="0">
              <properties />
            </test-case>
            <test-case id="1215" name="Landing_SquashesOnImpact_ThenSpringsBack" fullname="TransparentPet.Tests.SlimeSimulationTests.Landing_SquashesOnImpact_ThenSpringsBack" methodname="Landing_SquashesOnImpact_ThenSpringsBack" classname="TransparentPet.Tests.SlimeSimulationTests" runstate="Runnable" seed="528060250" result="Passed" start-time="2026-09-16 21:52:52Z" end-time="2026-09-16 21:52:52Z" duration="0.062395" asserts="0">
              <properties />
            </test-case>
            <test-case id="1218" name="Merge_AcceptIncreasesArea_AndHintDependsOnDistance" fullname="TransparentPet.Tests.SlimeSimulationTests.Merge_AcceptIncreasesArea_AndHintDependsOnDistance" methodname="Merge_AcceptIncreasesArea_AndHintDependsOnDistance" classname="TransparentPet.Tests.SlimeSimulationTests" runstate="Runnable" seed="330981824" result="Passed" start-time="2026-09-16 21:52:52Z" end-time="2026-09-16 21:52:52Z" duration="0.003322" asserts="0">
              <properties />
            </test-case>
            <test-case id="1219" name="SetUserScale_ScalesTargetAreaBySquareOfRatio" fullname="TransparentPet.Tests.SlimeSimulationTests.SetUserScale_ScalesTargetAreaBySquareOfRatio" methodname="SetUserScale_ScalesTargetAreaBySquareOfRatio" classname="TransparentPet.Tests.SlimeSimulationTests" runstate="Runnable" seed="1970882219" result="Passed" start-time="2026-09-16 21:52:52Z" end-time="2026-09-16 21:52:52Z" duration="0.000962" asserts="0">
              <properties />
            </test-case>
            <test-case id="1212" name="SlowDrag_FollowsMouse_AndReleaseDropsInPlace" fullname="TransparentPet.Tests.SlimeSimulationTests.SlowDrag_FollowsMouse_AndReleaseDropsInPlace" methodname="SlowDrag_FollowsMouse_AndReleaseDropsInPlace" classname="TransparentPet.Tests.SlimeSimulationTests" runstate="Runnable" seed="602610546" result="Passed" start-time="2026-09-16 21:52:52Z" end-time="2026-09-16 21:52:52Z" duration="0.031617" asserts="0">
              <properties />
            </test-case>
            <test-case id="1217" name="SplitOff_TransfersTargetAreaToChild_ByFraction" fullname="TransparentPet.Tests.SlimeSimulationTests.SplitOff_TransfersTargetAreaToChild_ByFraction" methodname="SplitOff_TransfersTargetAreaToChild_ByFraction" classname="TransparentPet.Tests.SlimeSimulationTests" runstate="Runnable" seed="2076458333" result="Passed" start-time="2026-09-16 21:52:52Z" end-time="2026-09-16 21:52:52Z" duration="0.001345" asserts="0">
              <properties />
            </test-case>
            <test-case id="1211" name="TryGrab_HitsInsideBody_MissesFarOutside" fullname="TransparentPet.Tests.SlimeSimulationTests.TryGrab_HitsInsideBody_MissesFarOutside" methodname="TryGrab_HitsInsideBody_MissesFarOutside" classname="TransparentPet.Tests.SlimeSimulationTests" runstate="Runnable" seed="574179653" result="Passed" start-time="2026-09-16 21:52:52Z" end-time="2026-09-16 21:52:52Z" duration="0.000807" asserts="0">
              <properties />
            </test-case>
            <test-case id="1216" name="WallBounce_ReportsImpactEvent_AndBouncesBack" fullname="TransparentPet.Tests.SlimeSimulationTests.WallBounce_ReportsImpactEvent_AndBouncesBack" methodname="WallBounce_ReportsImpactEvent_AndBouncesBack" classname="TransparentPet.Tests.SlimeSimulationTests" runstate="Runnable" seed="1962289594" result="Passed" start-time="2026-09-16 21:52:52Z" end-time="2026-09-16 21:52:52Z" duration="0.050743" asserts="0">
              <properties />
            </test-case>
          </test-suite>
          <test-suite type="TestFixture" id="1222" name="ThrowPhysicsTests" fullname="TransparentPet.Tests.ThrowPhysicsTests" classname="TransparentPet.Tests.ThrowPhysicsTests" runstate="Runnable" testcasecount="10" result="Passed" start-time="2026-09-16 21:52:52Z" end-time="2026-09-16 21:52:52Z" duration="0.027581" total="10" passed="10" failed="0" inconclusive="0" skipped="0" asserts="0">
            <properties />
            <test-case id="1224" name="DragEnd_BelowMinSpeed_DoesNotThrow" fullname="TransparentPet.Tests.ThrowPhysicsTests.DragEnd_BelowMinSpeed_DoesNotThrow" methodname="DragEnd_BelowMinSpeed_DoesNotThrow" classname="TransparentPet.Tests.ThrowPhysicsTests" runstate="Runnable" seed="1805461790" result="Passed" start-time="2026-09-16 21:52:52Z" end-time="2026-09-16 21:52:52Z" duration="0.007897" asserts="0">
              <properties />
            </test-case>
            <test-case id="1225" name="DragEnd_ThrowsWithBufferAverage" fullname="TransparentPet.Tests.ThrowPhysicsTests.DragEnd_ThrowsWithBufferAverage" methodname="DragEnd_ThrowsWithBufferAverage" classname="TransparentPet.Tests.ThrowPhysicsTests" runstate="Runnable" seed="1798035317" result="Passed" start-time="2026-09-16 21:52:52Z" end-time="2026-09-16 21:52:52Z" duration="0.003940" asserts="0">
              <properties />
            </test-case>
            <test-case id="1226" name="DragEnd_VelocityClampedToMax" fullname="TransparentPet.Tests.ThrowPhysicsTests.DragEnd_VelocityClampedToMax" methodname="DragEnd_VelocityClampedToMax" classname="TransparentPet.Tests.ThrowPhysicsTests" runstate="Runnable" seed="453774576" result="Passed" start-time="2026-09-16 21:52:52Z" end-time="2026-09-16 21:52:52Z" duration="0.001211" asserts="0">
              <properties />
            </test-case>
            <test-case id="1223" name="DragMove_FollowsMouseWithRoundedOffset" fullname="TransparentPet.Tests.ThrowPhysicsTests.DragMove_FollowsMouseWithRoundedOffset" methodname="DragMove_FollowsMouseWithRoundedOffset" classname="TransparentPet.Tests.ThrowPhysicsTests" runstate="Runnable" seed="1332107485" result="Passed" start-time="2026-09-16 21:52:52Z" end-time="2026-09-16 21:52:52Z" duration="0.000616" asserts="0">
              <properties />
            </test-case>
            <test-case id="1232" name="Reset_ClearsAllState" fullname="TransparentPet.Tests.ThrowPhysicsTests.Reset_ClearsAllState" methodname="Reset_ClearsAllState" classname="TransparentPet.Tests.ThrowPhysicsTests" runstate="Runnable" seed="97296401" result="Passed" start-time="2026-09-16 21:52:52Z" end-time="2026-09-16 21:52:52Z" duration="0.000710" asserts="0">
              <properties />
            </test-case>
            <test-case id="1228" name="Step_AppliesGravity" fullname="TransparentPet.Tests.ThrowPhysicsTests.Step_AppliesGravity" methodname="Step_AppliesGravity" classname="TransparentPet.Tests.ThrowPhysicsTests" runstate="Runnable" seed="470478055" result="Passed" start-time="2026-09-16 21:52:52Z" end-time="2026-09-16 21:52:52Z" duration="0.001450" asserts="0">
              <properties />
            </test-case>
            <test-case id="1231" name="Step_AppliesGroundFriction" fullname="TransparentPet.Tests.ThrowPhysicsTests.Step_AppliesGroundFriction" methodname="Step_AppliesGroundFriction" classname="TransparentPet.Tests.ThrowPhysicsTests" runstate="Runnable" seed="883741406" result="Passed" start-time="2026-09-16 21:52:52Z" end-time="2026-09-16 21:52:52Z" duration="0.002021" asserts="0">
              <properties />
            </test-case>
            <test-case id="1229" name="Step_BouncesOnGround" fullname="TransparentPet.Tests.ThrowPhysicsTests.Step_BouncesOnGround" methodname="Step_BouncesOnGround" classname="TransparentPet.Tests.ThrowPhysicsTests" runstate="Runnable" seed="444370021" result="Passed" start-time="2026-09-16 21:52:52Z" end-time="2026-09-16 21:52:52Z" duration="0.003194" asserts="0">
              <properties />
            </test-case>
            <test-case id="1230" name="Step_BouncesOnWalls" fullname="TransparentPet.Tests.ThrowPhysicsTests.Step_BouncesOnWalls" methodname="Step_BouncesOnWalls" classname="TransparentPet.Tests.ThrowPhysicsTests" runstate="Runnable" seed="1014951193" result="Passed" start-time="2026-09-16 21:52:52Z" end-time="2026-09-16 21:52:52Z" duration="0.000902" asserts="0">
              <properties />
            </test-case>
            <test-case id="1227" name="VelocityBuffer_CapsAtEight" fullname="TransparentPet.Tests.ThrowPhysicsTests.VelocityBuffer_CapsAtEight" methodname="VelocityBuffer_CapsAtEight" classname="TransparentPet.Tests.ThrowPhysicsTests" runstate="Runnable" seed="551288784" result="Passed" start-time="2026-09-16 21:52:52Z" end-time="2026-09-16 21:52:52Z" duration="0.000872" asserts="0">
              <properties />
            </test-case>
          </test-suite>
        </test-suite>
      </test-suite>
    </test-suite>
  </test-suite>
</test-run>